{"C:\\Users\\JACKSON\\OneDrive\\Documents\\Dev\\Back-end\\Challenges\\express-api-feature-db\\app.js": {"path":"C:\\Users\\JACKSON\\OneDrive\\Documents\\Dev\\Back-end\\Challenges\\express-api-feature-db\\app.js","statementMap":{"0":{"start":{"line":1,"column":0},"end":{"line":1,"column":32}},"1":{"start":{"line":2,"column":16},"end":{"line":2,"column":34}},"2":{"start":{"line":3,"column":21},"end":{"line":3,"column":55}},"3":{"start":{"line":4,"column":31},"end":{"line":4,"column":70}},"4":{"start":{"line":5,"column":39},"end":{"line":5,"column":86}},"5":{"start":{"line":6,"column":39},"end":{"line":6,"column":86}},"6":{"start":{"line":7,"column":35},"end":{"line":7,"column":78}},"7":{"start":{"line":8,"column":31},"end":{"line":8,"column":70}},"8":{"start":{"line":9,"column":37},"end":{"line":9,"column":82}},"9":{"start":{"line":10,"column":35},"end":{"line":10,"column":78}},"10":{"start":{"line":11,"column":34},"end":{"line":11,"column":76}},"11":{"start":{"line":12,"column":36},"end":{"line":12,"column":80}},"12":{"start":{"line":13,"column":32},"end":{"line":13,"column":72}},"13":{"start":{"line":14,"column":48},"end":{"line":14,"column":104}},"14":{"start":{"line":15,"column":44},"end":{"line":15,"column":96}},"15":{"start":{"line":17,"column":12},"end":{"line":17,"column":21}},"16":{"start":{"line":18,"column":23},"end":{"line":18,"column":47}},"17":{"start":{"line":19,"column":31},"end":{"line":19,"column":63}},"18":{"start":{"line":20,"column":31},"end":{"line":20,"column":63}},"19":{"start":{"line":21,"column":27},"end":{"line":21,"column":55}},"20":{"start":{"line":22,"column":23},"end":{"line":22,"column":47}},"21":{"start":{"line":23,"column":29},"end":{"line":23,"column":59}},"22":{"start":{"line":24,"column":27},"end":{"line":24,"column":55}},"23":{"start":{"line":25,"column":26},"end":{"line":25,"column":53}},"24":{"start":{"line":26,"column":28},"end":{"line":26,"column":57}},"25":{"start":{"line":27,"column":24},"end":{"line":27,"column":49}},"26":{"start":{"line":28,"column":40},"end":{"line":28,"column":81}},"27":{"start":{"line":29,"column":36},"end":{"line":29,"column":73}},"28":{"start":{"line":31,"column":0},"end":{"line":31,"column":24}},"29":{"start":{"line":32,"column":0},"end":{"line":32,"column":38}},"30":{"start":{"line":33,"column":0},"end":{"line":33,"column":30}},"31":{"start":{"line":34,"column":0},"end":{"line":34,"column":40}},"32":{"start":{"line":35,"column":0},"end":{"line":35,"column":65}},"33":{"start":{"line":36,"column":0},"end":{"line":36,"column":56}},"34":{"start":{"line":37,"column":0},"end":{"line":37,"column":38}},"35":{"start":{"line":38,"column":0},"end":{"line":38,"column":46}},"36":{"start":{"line":39,"column":0},"end":{"line":39,"column":31}},"37":{"start":{"line":40,"column":0},"end":{"line":40,"column":29}},"38":{"start":{"line":41,"column":0},"end":{"line":41,"column":40}},"39":{"start":{"line":42,"column":0},"end":{"line":42,"column":47}},"40":{"start":{"line":43,"column":0},"end":{"line":43,"column":35}},"41":{"start":{"line":44,"column":0},"end":{"line":44,"column":25}},"42":{"start":{"line":46,"column":0},"end":{"line":46,"column":22}},"43":{"start":{"line":48,"column":0},"end":{"line":48,"column":21}}},"fnMap":{},"branchMap":{},"s":{"0":1,"1":1,"2":1,"3":1,"4":1,"5":1,"6":1,"7":1,"8":1,"9":1,"10":1,"11":1,"12":1,"13":1,"14":1,"15":1,"16":1,"17":1,"18":1,"19":1,"20":1,"21":1,"22":1,"23":1,"24":1,"25":1,"26":1,"27":1,"28":1,"29":1,"30":1,"31":1,"32":1,"33":1,"34":1,"35":1,"36":1,"37":1,"38":1,"39":1,"40":1,"41":1,"42":1,"43":1},"f":{},"b":{},"_coverageSchema":"1a1c01bbd47fc00a2c39e90264f33305004495a9","hash":"d2ba98e48d77bb0ceb63fa7fadde123291e1e1fd"}
,"C:\\Users\\JACKSON\\OneDrive\\Documents\\Dev\\Back-end\\Challenges\\express-api-feature-db\\src\\controller\\albumController.js": {"path":"C:\\Users\\JACKSON\\OneDrive\\Documents\\Dev\\Back-end\\Challenges\\express-api-feature-db\\src\\controller\\albumController.js","statementMap":{"0":{"start":{"line":1,"column":19},"end":{"line":1,"column":50}},"1":{"start":{"line":5,"column":8},"end":{"line":5,"column":41}},"2":{"start":{"line":6,"column":8},"end":{"line":6,"column":41}},"3":{"start":{"line":9,"column":43},"end":{"line":9,"column":51}},"4":{"start":{"line":10,"column":22},"end":{"line":10,"column":81}},"5":{"start":{"line":11,"column":8},"end":{"line":14,"column":11}},"6":{"start":{"line":17,"column":23},"end":{"line":17,"column":33}},"7":{"start":{"line":18,"column":41},"end":{"line":18,"column":52}},"8":{"start":{"line":19,"column":8},"end":{"line":19,"column":51}},"9":{"start":{"line":20,"column":22},"end":{"line":20,"column":62}},"10":{"start":{"line":21,"column":8},"end":{"line":21,"column":53}},"11":{"start":{"line":24,"column":41},"end":{"line":24,"column":52}},"12":{"start":{"line":25,"column":24},"end":{"line":25,"column":69}},"13":{"start":{"line":26,"column":22},"end":{"line":26,"column":67}},"14":{"start":{"line":27,"column":8},"end":{"line":27,"column":53}},"15":{"start":{"line":30,"column":23},"end":{"line":30,"column":33}},"16":{"start":{"line":31,"column":41},"end":{"line":31,"column":52}},"17":{"start":{"line":32,"column":8},"end":{"line":32,"column":51}},"18":{"start":{"line":33,"column":43},"end":{"line":33,"column":51}},"19":{"start":{"line":34,"column":8},"end":{"line":34,"column":72}},"20":{"start":{"line":35,"column":8},"end":{"line":37,"column":11}},"21":{"start":{"line":40,"column":23},"end":{"line":40,"column":33}},"22":{"start":{"line":41,"column":41},"end":{"line":41,"column":52}},"23":{"start":{"line":42,"column":8},"end":{"line":42,"column":51}},"24":{"start":{"line":43,"column":8},"end":{"line":43,"column":48}},"25":{"start":{"line":44,"column":8},"end":{"line":46,"column":11}},"26":{"start":{"line":50,"column":0},"end":{"line":50,"column":33}}},"fnMap":{"0":{"name":"(anonymous_0)","decl":{"start":{"line":4,"column":4},"end":{"line":4,"column":5}},"loc":{"start":{"line":4,"column":44},"end":{"line":7,"column":5}},"line":4},"1":{"name":"(anonymous_1)","decl":{"start":{"line":8,"column":4},"end":{"line":8,"column":5}},"loc":{"start":{"line":8,"column":32},"end":{"line":15,"column":5}},"line":8},"2":{"name":"(anonymous_2)","decl":{"start":{"line":16,"column":4},"end":{"line":16,"column":5}},"loc":{"start":{"line":16,"column":33},"end":{"line":22,"column":5}},"line":16},"3":{"name":"(anonymous_3)","decl":{"start":{"line":23,"column":4},"end":{"line":23,"column":5}},"loc":{"start":{"line":23,"column":30},"end":{"line":28,"column":5}},"line":23},"4":{"name":"(anonymous_4)","decl":{"start":{"line":29,"column":4},"end":{"line":29,"column":5}},"loc":{"start":{"line":29,"column":32},"end":{"line":38,"column":5}},"line":29},"5":{"name":"(anonymous_5)","decl":{"start":{"line":39,"column":4},"end":{"line":39,"column":5}},"loc":{"start":{"line":39,"column":32},"end":{"line":47,"column":5}},"line":39}},"branchMap":{},"s":{"0":1,"1":1,"2":1,"3":0,"4":0,"5":0,"6":0,"7":0,"8":0,"9":0,"10":0,"11":0,"12":0,"13":0,"14":0,"15":0,"16":0,"17":0,"18":0,"19":0,"20":0,"21":0,"22":0,"23":0,"24":0,"25":0,"26":1},"f":{"0":1,"1":0,"2":0,"3":0,"4":0,"5":0},"b":{},"_coverageSchema":"1a1c01bbd47fc00a2c39e90264f33305004495a9","hash":"59c2af26776a132aa6731cf9ee195eacf360f8d5"}
,"C:\\Users\\JACKSON\\OneDrive\\Documents\\Dev\\Back-end\\Challenges\\express-api-feature-db\\src\\controller\\albumItemController.js": {"path":"C:\\Users\\JACKSON\\OneDrive\\Documents\\Dev\\Back-end\\Challenges\\express-api-feature-db\\src\\controller\\albumItemController.js","statementMap":{"0":{"start":{"line":1,"column":19},"end":{"line":1,"column":50}},"1":{"start":{"line":5,"column":8},"end":{"line":5,"column":49}},"2":{"start":{"line":6,"column":8},"end":{"line":6,"column":41}},"3":{"start":{"line":9,"column":41},"end":{"line":9,"column":52}},"4":{"start":{"line":10,"column":8},"end":{"line":10,"column":51}},"5":{"start":{"line":11,"column":38},"end":{"line":11,"column":46}},"6":{"start":{"line":12,"column":26},"end":{"line":12,"column":88}},"7":{"start":{"line":13,"column":8},"end":{"line":16,"column":11}},"8":{"start":{"line":19,"column":41},"end":{"line":19,"column":52}},"9":{"start":{"line":20,"column":24},"end":{"line":20,"column":69}},"10":{"start":{"line":21,"column":26},"end":{"line":21,"column":78}},"11":{"start":{"line":22,"column":8},"end":{"line":22,"column":57}},"12":{"start":{"line":25,"column":23},"end":{"line":25,"column":33}},"13":{"start":{"line":26,"column":41},"end":{"line":26,"column":52}},"14":{"start":{"line":27,"column":8},"end":{"line":27,"column":51}},"15":{"start":{"line":28,"column":8},"end":{"line":28,"column":56}},"16":{"start":{"line":29,"column":8},"end":{"line":31,"column":11}},"17":{"start":{"line":34,"column":0},"end":{"line":34,"column":37}}},"fnMap":{"0":{"name":"(anonymous_0)","decl":{"start":{"line":4,"column":4},"end":{"line":4,"column":5}},"loc":{"start":{"line":4,"column":48},"end":{"line":7,"column":5}},"line":4},"1":{"name":"(anonymous_1)","decl":{"start":{"line":8,"column":4},"end":{"line":8,"column":5}},"loc":{"start":{"line":8,"column":36},"end":{"line":17,"column":5}},"line":8},"2":{"name":"(anonymous_2)","decl":{"start":{"line":18,"column":4},"end":{"line":18,"column":5}},"loc":{"start":{"line":18,"column":34},"end":{"line":23,"column":5}},"line":18},"3":{"name":"(anonymous_3)","decl":{"start":{"line":24,"column":4},"end":{"line":24,"column":5}},"loc":{"start":{"line":24,"column":36},"end":{"line":32,"column":5}},"line":24}},"branchMap":{},"s":{"0":1,"1":1,"2":1,"3":0,"4":0,"5":0,"6":0,"7":0,"8":0,"9":0,"10":0,"11":0,"12":0,"13":0,"14":0,"15":0,"16":0,"17":1},"f":{"0":1,"1":0,"2":0,"3":0},"b":{},"_coverageSchema":"1a1c01bbd47fc00a2c39e90264f33305004495a9","hash":"e36b63c3f7ae47fd57b9fa2109a7d0c48369204c"}
,"C:\\Users\\JACKSON\\OneDrive\\Documents\\Dev\\Back-end\\Challenges\\express-api-feature-db\\src\\controller\\commentController.js": {"path":"C:\\Users\\JACKSON\\OneDrive\\Documents\\Dev\\Back-end\\Challenges\\express-api-feature-db\\src\\controller\\commentController.js","statementMap":{"0":{"start":{"line":1,"column":19},"end":{"line":1,"column":50}},"1":{"start":{"line":5,"column":8},"end":{"line":5,"column":45}},"2":{"start":{"line":6,"column":8},"end":{"line":6,"column":41}},"3":{"start":{"line":9,"column":41},"end":{"line":9,"column":52}},"4":{"start":{"line":10,"column":8},"end":{"line":10,"column":51}},"5":{"start":{"line":11,"column":50},"end":{"line":11,"column":58}},"6":{"start":{"line":12,"column":24},"end":{"line":12,"column":87}},"7":{"start":{"line":13,"column":8},"end":{"line":16,"column":11}},"8":{"start":{"line":19,"column":23},"end":{"line":19,"column":33}},"9":{"start":{"line":20,"column":41},"end":{"line":20,"column":52}},"10":{"start":{"line":21,"column":8},"end":{"line":21,"column":51}},"11":{"start":{"line":22,"column":24},"end":{"line":22,"column":68}},"12":{"start":{"line":23,"column":8},"end":{"line":23,"column":55}},"13":{"start":{"line":26,"column":41},"end":{"line":26,"column":52}},"14":{"start":{"line":27,"column":26},"end":{"line":27,"column":71}},"15":{"start":{"line":28,"column":25},"end":{"line":28,"column":76}},"16":{"start":{"line":29,"column":8},"end":{"line":29,"column":56}},"17":{"start":{"line":32,"column":41},"end":{"line":32,"column":52}},"18":{"start":{"line":33,"column":8},"end":{"line":33,"column":51}},"19":{"start":{"line":34,"column":23},"end":{"line":34,"column":33}},"20":{"start":{"line":35,"column":50},"end":{"line":35,"column":58}},"21":{"start":{"line":36,"column":8},"end":{"line":36,"column":83}},"22":{"start":{"line":37,"column":8},"end":{"line":39,"column":11}},"23":{"start":{"line":42,"column":41},"end":{"line":42,"column":52}},"24":{"start":{"line":43,"column":8},"end":{"line":43,"column":51}},"25":{"start":{"line":44,"column":23},"end":{"line":44,"column":33}},"26":{"start":{"line":45,"column":8},"end":{"line":45,"column":52}},"27":{"start":{"line":46,"column":8},"end":{"line":48,"column":11}},"28":{"start":{"line":52,"column":0},"end":{"line":52,"column":35}}},"fnMap":{"0":{"name":"(anonymous_0)","decl":{"start":{"line":4,"column":4},"end":{"line":4,"column":5}},"loc":{"start":{"line":4,"column":47},"end":{"line":7,"column":5}},"line":4},"1":{"name":"(anonymous_1)","decl":{"start":{"line":8,"column":4},"end":{"line":8,"column":5}},"loc":{"start":{"line":8,"column":27},"end":{"line":17,"column":5}},"line":8},"2":{"name":"(anonymous_2)","decl":{"start":{"line":18,"column":4},"end":{"line":18,"column":5}},"loc":{"start":{"line":18,"column":35},"end":{"line":24,"column":5}},"line":18},"3":{"name":"(anonymous_3)","decl":{"start":{"line":25,"column":4},"end":{"line":25,"column":5}},"loc":{"start":{"line":25,"column":40},"end":{"line":30,"column":5}},"line":25},"4":{"name":"(anonymous_4)","decl":{"start":{"line":31,"column":4},"end":{"line":31,"column":5}},"loc":{"start":{"line":31,"column":34},"end":{"line":40,"column":5}},"line":31},"5":{"name":"(anonymous_5)","decl":{"start":{"line":41,"column":4},"end":{"line":41,"column":5}},"loc":{"start":{"line":41,"column":34},"end":{"line":49,"column":5}},"line":41}},"branchMap":{},"s":{"0":1,"1":1,"2":1,"3":0,"4":0,"5":0,"6":0,"7":0,"8":0,"9":0,"10":0,"11":0,"12":0,"13":0,"14":0,"15":0,"16":0,"17":0,"18":0,"19":0,"20":0,"21":0,"22":0,"23":0,"24":0,"25":0,"26":0,"27":0,"28":1},"f":{"0":1,"1":0,"2":0,"3":0,"4":0,"5":0},"b":{},"_coverageSchema":"1a1c01bbd47fc00a2c39e90264f33305004495a9","hash":"75580a9cfebc13f0d1330546884f016d614950c6"}
,"C:\\Users\\JACKSON\\OneDrive\\Documents\\Dev\\Back-end\\Challenges\\express-api-feature-db\\src\\controller\\fileTypeController.js": {"path":"C:\\Users\\JACKSON\\OneDrive\\Documents\\Dev\\Back-end\\Challenges\\express-api-feature-db\\src\\controller\\fileTypeController.js","statementMap":{"0":{"start":{"line":1,"column":19},"end":{"line":1,"column":50}},"1":{"start":{"line":5,"column":8},"end":{"line":5,"column":47}},"2":{"start":{"line":8,"column":25},"end":{"line":8,"column":33}},"3":{"start":{"line":9,"column":25},"end":{"line":9,"column":72}},"4":{"start":{"line":10,"column":8},"end":{"line":13,"column":11}},"5":{"start":{"line":16,"column":25},"end":{"line":16,"column":68}},"6":{"start":{"line":17,"column":8},"end":{"line":17,"column":56}},"7":{"start":{"line":20,"column":23},"end":{"line":20,"column":33}},"8":{"start":{"line":21,"column":8},"end":{"line":21,"column":54}},"9":{"start":{"line":22,"column":8},"end":{"line":24,"column":11}},"10":{"start":{"line":28,"column":0},"end":{"line":28,"column":36}}},"fnMap":{"0":{"name":"(anonymous_0)","decl":{"start":{"line":4,"column":4},"end":{"line":4,"column":5}},"loc":{"start":{"line":4,"column":33},"end":{"line":6,"column":5}},"line":4},"1":{"name":"(anonymous_1)","decl":{"start":{"line":7,"column":4},"end":{"line":7,"column":5}},"loc":{"start":{"line":7,"column":35},"end":{"line":14,"column":5}},"line":7},"2":{"name":"(anonymous_2)","decl":{"start":{"line":15,"column":4},"end":{"line":15,"column":5}},"loc":{"start":{"line":15,"column":33},"end":{"line":18,"column":5}},"line":15},"3":{"name":"(anonymous_3)","decl":{"start":{"line":19,"column":4},"end":{"line":19,"column":5}},"loc":{"start":{"line":19,"column":35},"end":{"line":25,"column":5}},"line":19}},"branchMap":{},"s":{"0":1,"1":1,"2":0,"3":0,"4":0,"5":0,"6":0,"7":0,"8":0,"9":0,"10":1},"f":{"0":1,"1":0,"2":0,"3":0},"b":{},"_coverageSchema":"1a1c01bbd47fc00a2c39e90264f33305004495a9","hash":"7a6b9040fb9bf5c3b6c892587b1255a85384661b"}
,"C:\\Users\\JACKSON\\OneDrive\\Documents\\Dev\\Back-end\\Challenges\\express-api-feature-db\\src\\controller\\friendshipController.js": {"path":"C:\\Users\\JACKSON\\OneDrive\\Documents\\Dev\\Back-end\\Challenges\\express-api-feature-db\\src\\controller\\friendshipController.js","statementMap":{"0":{"start":{"line":1,"column":19},"end":{"line":1,"column":50}},"1":{"start":{"line":5,"column":8},"end":{"line":5,"column":51}},"2":{"start":{"line":6,"column":8},"end":{"line":6,"column":41}},"3":{"start":{"line":9,"column":41},"end":{"line":9,"column":52}},"4":{"start":{"line":10,"column":24},"end":{"line":10,"column":69}},"5":{"start":{"line":11,"column":27},"end":{"line":11,"column":81}},"6":{"start":{"line":12,"column":8},"end":{"line":12,"column":58}},"7":{"start":{"line":15,"column":41},"end":{"line":15,"column":52}},"8":{"start":{"line":16,"column":8},"end":{"line":16,"column":51}},"9":{"start":{"line":17,"column":23},"end":{"line":17,"column":33}},"10":{"start":{"line":18,"column":27},"end":{"line":18,"column":67}},"11":{"start":{"line":19,"column":8},"end":{"line":19,"column":58}},"12":{"start":{"line":22,"column":41},"end":{"line":22,"column":52}},"13":{"start":{"line":23,"column":8},"end":{"line":23,"column":51}},"14":{"start":{"line":24,"column":23},"end":{"line":24,"column":33}},"15":{"start":{"line":25,"column":8},"end":{"line":25,"column":58}},"16":{"start":{"line":26,"column":8},"end":{"line":28,"column":11}},"17":{"start":{"line":32,"column":0},"end":{"line":32,"column":38}}},"fnMap":{"0":{"name":"(anonymous_0)","decl":{"start":{"line":4,"column":4},"end":{"line":4,"column":5}},"loc":{"start":{"line":4,"column":49},"end":{"line":7,"column":5}},"line":4},"1":{"name":"(anonymous_1)","decl":{"start":{"line":8,"column":4},"end":{"line":8,"column":5}},"loc":{"start":{"line":8,"column":35},"end":{"line":13,"column":5}},"line":8},"2":{"name":"(anonymous_2)","decl":{"start":{"line":14,"column":4},"end":{"line":14,"column":5}},"loc":{"start":{"line":14,"column":27},"end":{"line":20,"column":5}},"line":14},"3":{"name":"(anonymous_3)","decl":{"start":{"line":21,"column":4},"end":{"line":21,"column":5}},"loc":{"start":{"line":21,"column":37},"end":{"line":29,"column":5}},"line":21}},"branchMap":{},"s":{"0":1,"1":1,"2":1,"3":0,"4":0,"5":0,"6":0,"7":0,"8":0,"9":0,"10":0,"11":0,"12":0,"13":0,"14":0,"15":0,"16":0,"17":1},"f":{"0":1,"1":0,"2":0,"3":0},"b":{},"_coverageSchema":"1a1c01bbd47fc00a2c39e90264f33305004495a9","hash":"0260d537468d081b228ab7e640fe953bc83336fe"}
,"C:\\Users\\JACKSON\\OneDrive\\Documents\\Dev\\Back-end\\Challenges\\express-api-feature-db\\src\\controller\\friendshipRequestController.js": {"path":"C:\\Users\\JACKSON\\OneDrive\\Documents\\Dev\\Back-end\\Challenges\\express-api-feature-db\\src\\controller\\friendshipRequestController.js","statementMap":{"0":{"start":{"line":1,"column":19},"end":{"line":1,"column":50}},"1":{"start":{"line":5,"column":8},"end":{"line":5,"column":65}},"2":{"start":{"line":6,"column":8},"end":{"line":6,"column":51}},"3":{"start":{"line":7,"column":8},"end":{"line":7,"column":41}},"4":{"start":{"line":10,"column":41},"end":{"line":10,"column":52}},"5":{"start":{"line":11,"column":25},"end":{"line":11,"column":70}},"6":{"start":{"line":12,"column":44},"end":{"line":12,"column":52}},"7":{"start":{"line":13,"column":8},"end":{"line":13,"column":88}},"8":{"start":{"line":14,"column":8},"end":{"line":16,"column":11}},"9":{"start":{"line":19,"column":41},"end":{"line":19,"column":52}},"10":{"start":{"line":20,"column":23},"end":{"line":20,"column":68}},"11":{"start":{"line":21,"column":35},"end":{"line":21,"column":103}},"12":{"start":{"line":22,"column":8},"end":{"line":22,"column":66}},"13":{"start":{"line":25,"column":41},"end":{"line":25,"column":52}},"14":{"start":{"line":26,"column":29},"end":{"line":26,"column":74}},"15":{"start":{"line":27,"column":34},"end":{"line":27,"column":44}},"16":{"start":{"line":28,"column":57},"end":{"line":28,"column":65}},"17":{"start":{"line":29,"column":8},"end":{"line":29,"column":79}},"18":{"start":{"line":30,"column":8},"end":{"line":30,"column":79}},"19":{"start":{"line":31,"column":8},"end":{"line":33,"column":11}},"20":{"start":{"line":36,"column":41},"end":{"line":36,"column":52}},"21":{"start":{"line":37,"column":8},"end":{"line":37,"column":51}},"22":{"start":{"line":38,"column":34},"end":{"line":38,"column":44}},"23":{"start":{"line":39,"column":8},"end":{"line":39,"column":79}},"24":{"start":{"line":40,"column":8},"end":{"line":42,"column":11}},"25":{"start":{"line":46,"column":0},"end":{"line":46,"column":45}}},"fnMap":{"0":{"name":"(anonymous_0)","decl":{"start":{"line":4,"column":4},"end":{"line":4,"column":5}},"loc":{"start":{"line":4,"column":75},"end":{"line":8,"column":5}},"line":4},"1":{"name":"(anonymous_1)","decl":{"start":{"line":9,"column":4},"end":{"line":9,"column":5}},"loc":{"start":{"line":9,"column":42},"end":{"line":17,"column":5}},"line":9},"2":{"name":"(anonymous_2)","decl":{"start":{"line":18,"column":4},"end":{"line":18,"column":5}},"loc":{"start":{"line":18,"column":45},"end":{"line":23,"column":5}},"line":18},"3":{"name":"(anonymous_3)","decl":{"start":{"line":24,"column":4},"end":{"line":24,"column":5}},"loc":{"start":{"line":24,"column":44},"end":{"line":34,"column":5}},"line":24},"4":{"name":"(anonymous_4)","decl":{"start":{"line":35,"column":4},"end":{"line":35,"column":5}},"loc":{"start":{"line":35,"column":44},"end":{"line":43,"column":5}},"line":35}},"branchMap":{},"s":{"0":1,"1":1,"2":1,"3":1,"4":0,"5":0,"6":0,"7":0,"8":0,"9":0,"10":0,"11":0,"12":0,"13":0,"14":0,"15":0,"16":0,"17":0,"18":0,"19":0,"20":1,"21":1,"22":1,"23":1,"24":1,"25":1},"f":{"0":1,"1":0,"2":0,"3":0,"4":1},"b":{},"_coverageSchema":"1a1c01bbd47fc00a2c39e90264f33305004495a9","hash":"5e991feed4846277e2cf28061348806c5929cfe8"}
,"C:\\Users\\JACKSON\\OneDrive\\Documents\\Dev\\Back-end\\Challenges\\express-api-feature-db\\src\\controller\\friendshipRequestTypeController.js": {"path":"C:\\Users\\JACKSON\\OneDrive\\Documents\\Dev\\Back-end\\Challenges\\express-api-feature-db\\src\\controller\\friendshipRequestTypeController.js","statementMap":{"0":{"start":{"line":1,"column":19},"end":{"line":1,"column":50}},"1":{"start":{"line":5,"column":8},"end":{"line":5,"column":73}},"2":{"start":{"line":8,"column":25},"end":{"line":8,"column":33}},"3":{"start":{"line":9,"column":38},"end":{"line":9,"column":90}},"4":{"start":{"line":10,"column":8},"end":{"line":13,"column":11}},"5":{"start":{"line":16,"column":38},"end":{"line":16,"column":86}},"6":{"start":{"line":17,"column":8},"end":{"line":17,"column":69}},"7":{"start":{"line":20,"column":23},"end":{"line":20,"column":33}},"8":{"start":{"line":21,"column":38},"end":{"line":21,"column":89}},"9":{"start":{"line":22,"column":8},"end":{"line":22,"column":69}},"10":{"start":{"line":25,"column":23},"end":{"line":25,"column":33}},"11":{"start":{"line":26,"column":8},"end":{"line":26,"column":59}},"12":{"start":{"line":27,"column":8},"end":{"line":29,"column":11}},"13":{"start":{"line":33,"column":0},"end":{"line":33,"column":49}}},"fnMap":{"0":{"name":"(anonymous_0)","decl":{"start":{"line":4,"column":4},"end":{"line":4,"column":5}},"loc":{"start":{"line":4,"column":46},"end":{"line":6,"column":5}},"line":4},"1":{"name":"(anonymous_1)","decl":{"start":{"line":7,"column":4},"end":{"line":7,"column":5}},"loc":{"start":{"line":7,"column":27},"end":{"line":14,"column":5}},"line":7},"2":{"name":"(anonymous_2)","decl":{"start":{"line":15,"column":4},"end":{"line":15,"column":5}},"loc":{"start":{"line":15,"column":27},"end":{"line":18,"column":5}},"line":15},"3":{"name":"(anonymous_3)","decl":{"start":{"line":19,"column":4},"end":{"line":19,"column":5}},"loc":{"start":{"line":19,"column":28},"end":{"line":23,"column":5}},"line":19},"4":{"name":"(anonymous_4)","decl":{"start":{"line":24,"column":4},"end":{"line":24,"column":5}},"loc":{"start":{"line":24,"column":27},"end":{"line":30,"column":5}},"line":24}},"branchMap":{},"s":{"0":1,"1":1,"2":0,"3":0,"4":0,"5":0,"6":0,"7":0,"8":0,"9":0,"10":0,"11":0,"12":0,"13":1},"f":{"0":1,"1":0,"2":0,"3":0,"4":0},"b":{},"_coverageSchema":"1a1c01bbd47fc00a2c39e90264f33305004495a9","hash":"e81c386a97c5a43d35c49249fc767dfbc0318c47"}
,"C:\\Users\\JACKSON\\OneDrive\\Documents\\Dev\\Back-end\\Challenges\\express-api-feature-db\\src\\controller\\postController.js": {"path":"C:\\Users\\JACKSON\\OneDrive\\Documents\\Dev\\Back-end\\Challenges\\express-api-feature-db\\src\\controller\\postController.js","statementMap":{"0":{"start":{"line":1,"column":19},"end":{"line":1,"column":50}},"1":{"start":{"line":5,"column":8},"end":{"line":5,"column":39}},"2":{"start":{"line":6,"column":8},"end":{"line":6,"column":41}},"3":{"start":{"line":9,"column":41},"end":{"line":9,"column":52}},"4":{"start":{"line":10,"column":23},"end":{"line":10,"column":68}},"5":{"start":{"line":11,"column":52},"end":{"line":11,"column":60}},"6":{"start":{"line":12,"column":21},"end":{"line":12,"column":95}},"7":{"start":{"line":13,"column":8},"end":{"line":16,"column":11}},"8":{"start":{"line":19,"column":41},"end":{"line":19,"column":52}},"9":{"start":{"line":20,"column":8},"end":{"line":20,"column":51}},"10":{"start":{"line":21,"column":23},"end":{"line":21,"column":33}},"11":{"start":{"line":22,"column":21},"end":{"line":22,"column":59}},"12":{"start":{"line":23,"column":8},"end":{"line":23,"column":52}},"13":{"start":{"line":26,"column":41},"end":{"line":26,"column":52}},"14":{"start":{"line":27,"column":23},"end":{"line":27,"column":68}},"15":{"start":{"line":28,"column":22},"end":{"line":28,"column":64}},"16":{"start":{"line":29,"column":8},"end":{"line":29,"column":53}},"17":{"start":{"line":32,"column":41},"end":{"line":32,"column":52}},"18":{"start":{"line":33,"column":8},"end":{"line":33,"column":51}},"19":{"start":{"line":34,"column":23},"end":{"line":34,"column":33}},"20":{"start":{"line":35,"column":52},"end":{"line":35,"column":60}},"21":{"start":{"line":36,"column":8},"end":{"line":36,"column":79}},"22":{"start":{"line":37,"column":8},"end":{"line":39,"column":11}},"23":{"start":{"line":42,"column":41},"end":{"line":42,"column":52}},"24":{"start":{"line":43,"column":8},"end":{"line":43,"column":51}},"25":{"start":{"line":44,"column":23},"end":{"line":44,"column":33}},"26":{"start":{"line":45,"column":8},"end":{"line":45,"column":46}},"27":{"start":{"line":46,"column":8},"end":{"line":48,"column":11}},"28":{"start":{"line":52,"column":0},"end":{"line":52,"column":32}}},"fnMap":{"0":{"name":"(anonymous_0)","decl":{"start":{"line":4,"column":4},"end":{"line":4,"column":5}},"loc":{"start":{"line":4,"column":43},"end":{"line":7,"column":5}},"line":4},"1":{"name":"(anonymous_1)","decl":{"start":{"line":8,"column":4},"end":{"line":8,"column":5}},"loc":{"start":{"line":8,"column":31},"end":{"line":17,"column":5}},"line":8},"2":{"name":"(anonymous_2)","decl":{"start":{"line":18,"column":4},"end":{"line":18,"column":5}},"loc":{"start":{"line":18,"column":32},"end":{"line":24,"column":5}},"line":18},"3":{"name":"(anonymous_3)","decl":{"start":{"line":25,"column":4},"end":{"line":25,"column":5}},"loc":{"start":{"line":25,"column":29},"end":{"line":30,"column":5}},"line":25},"4":{"name":"(anonymous_4)","decl":{"start":{"line":31,"column":4},"end":{"line":31,"column":5}},"loc":{"start":{"line":31,"column":31},"end":{"line":40,"column":5}},"line":31},"5":{"name":"(anonymous_5)","decl":{"start":{"line":41,"column":4},"end":{"line":41,"column":5}},"loc":{"start":{"line":41,"column":31},"end":{"line":49,"column":5}},"line":41}},"branchMap":{},"s":{"0":1,"1":1,"2":1,"3":0,"4":0,"5":0,"6":0,"7":0,"8":0,"9":0,"10":0,"11":0,"12":0,"13":0,"14":0,"15":0,"16":0,"17":0,"18":0,"19":0,"20":0,"21":0,"22":0,"23":0,"24":0,"25":0,"26":0,"27":0,"28":1},"f":{"0":1,"1":0,"2":0,"3":0,"4":0,"5":0},"b":{},"_coverageSchema":"1a1c01bbd47fc00a2c39e90264f33305004495a9","hash":"72594c0474af103eb5079a9e90407f9733840b51"}
,"C:\\Users\\JACKSON\\OneDrive\\Documents\\Dev\\Back-end\\Challenges\\express-api-feature-db\\src\\controller\\reactionController.js": {"path":"C:\\Users\\JACKSON\\OneDrive\\Documents\\Dev\\Back-end\\Challenges\\express-api-feature-db\\src\\controller\\reactionController.js","statementMap":{"0":{"start":{"line":1,"column":19},"end":{"line":1,"column":50}},"1":{"start":{"line":5,"column":8},"end":{"line":5,"column":47}},"2":{"start":{"line":6,"column":8},"end":{"line":6,"column":41}},"3":{"start":{"line":9,"column":41},"end":{"line":9,"column":52}},"4":{"start":{"line":10,"column":23},"end":{"line":10,"column":68}},"5":{"start":{"line":11,"column":46},"end":{"line":11,"column":54}},"6":{"start":{"line":12,"column":25},"end":{"line":12,"column":101}},"7":{"start":{"line":13,"column":8},"end":{"line":16,"column":11}},"8":{"start":{"line":19,"column":41},"end":{"line":19,"column":52}},"9":{"start":{"line":20,"column":8},"end":{"line":20,"column":51}},"10":{"start":{"line":21,"column":23},"end":{"line":21,"column":33}},"11":{"start":{"line":22,"column":25},"end":{"line":22,"column":71}},"12":{"start":{"line":23,"column":8},"end":{"line":23,"column":56}},"13":{"start":{"line":26,"column":41},"end":{"line":26,"column":52}},"14":{"start":{"line":27,"column":23},"end":{"line":27,"column":68}},"15":{"start":{"line":28,"column":26},"end":{"line":28,"column":76}},"16":{"start":{"line":29,"column":8},"end":{"line":29,"column":57}},"17":{"start":{"line":32,"column":41},"end":{"line":32,"column":52}},"18":{"start":{"line":33,"column":8},"end":{"line":33,"column":51}},"19":{"start":{"line":34,"column":23},"end":{"line":34,"column":33}},"20":{"start":{"line":35,"column":55},"end":{"line":35,"column":63}},"21":{"start":{"line":36,"column":8},"end":{"line":36,"column":90}},"22":{"start":{"line":37,"column":8},"end":{"line":39,"column":11}},"23":{"start":{"line":42,"column":41},"end":{"line":42,"column":52}},"24":{"start":{"line":43,"column":8},"end":{"line":43,"column":51}},"25":{"start":{"line":44,"column":23},"end":{"line":44,"column":33}},"26":{"start":{"line":45,"column":8},"end":{"line":45,"column":54}},"27":{"start":{"line":46,"column":8},"end":{"line":48,"column":11}},"28":{"start":{"line":52,"column":0},"end":{"line":52,"column":36}}},"fnMap":{"0":{"name":"(anonymous_0)","decl":{"start":{"line":4,"column":4},"end":{"line":4,"column":5}},"loc":{"start":{"line":4,"column":47},"end":{"line":7,"column":5}},"line":4},"1":{"name":"(anonymous_1)","decl":{"start":{"line":8,"column":4},"end":{"line":8,"column":5}},"loc":{"start":{"line":8,"column":35},"end":{"line":17,"column":5}},"line":8},"2":{"name":"(anonymous_2)","decl":{"start":{"line":18,"column":4},"end":{"line":18,"column":5}},"loc":{"start":{"line":18,"column":36},"end":{"line":24,"column":5}},"line":18},"3":{"name":"(anonymous_3)","decl":{"start":{"line":25,"column":4},"end":{"line":25,"column":5}},"loc":{"start":{"line":25,"column":33},"end":{"line":30,"column":5}},"line":25},"4":{"name":"(anonymous_4)","decl":{"start":{"line":31,"column":4},"end":{"line":31,"column":5}},"loc":{"start":{"line":31,"column":35},"end":{"line":40,"column":5}},"line":31},"5":{"name":"(anonymous_5)","decl":{"start":{"line":41,"column":4},"end":{"line":41,"column":5}},"loc":{"start":{"line":41,"column":35},"end":{"line":49,"column":5}},"line":41}},"branchMap":{},"s":{"0":1,"1":1,"2":1,"3":0,"4":0,"5":0,"6":0,"7":0,"8":0,"9":0,"10":0,"11":0,"12":0,"13":0,"14":0,"15":0,"16":0,"17":0,"18":0,"19":0,"20":0,"21":0,"22":0,"23":0,"24":0,"25":0,"26":0,"27":0,"28":1},"f":{"0":1,"1":0,"2":0,"3":0,"4":0,"5":0},"b":{},"_coverageSchema":"1a1c01bbd47fc00a2c39e90264f33305004495a9","hash":"a9fc23a2d05a3a187815aa109062c48a007a8d9d"}
,"C:\\Users\\JACKSON\\OneDrive\\Documents\\Dev\\Back-end\\Challenges\\express-api-feature-db\\src\\controller\\reactionTypeController.js": {"path":"C:\\Users\\JACKSON\\OneDrive\\Documents\\Dev\\Back-end\\Challenges\\express-api-feature-db\\src\\controller\\reactionTypeController.js","statementMap":{"0":{"start":{"line":1,"column":19},"end":{"line":1,"column":50}},"1":{"start":{"line":5,"column":8},"end":{"line":5,"column":55}},"2":{"start":{"line":6,"column":8},"end":{"line":6,"column":41}},"3":{"start":{"line":9,"column":32},"end":{"line":9,"column":40}},"4":{"start":{"line":10,"column":29},"end":{"line":10,"column":91}},"5":{"start":{"line":11,"column":8},"end":{"line":14,"column":11}},"6":{"start":{"line":18,"column":30},"end":{"line":18,"column":82}},"7":{"start":{"line":19,"column":8},"end":{"line":19,"column":61}},"8":{"start":{"line":22,"column":23},"end":{"line":22,"column":33}},"9":{"start":{"line":23,"column":8},"end":{"line":23,"column":62}},"10":{"start":{"line":24,"column":8},"end":{"line":26,"column":11}},"11":{"start":{"line":30,"column":0},"end":{"line":30,"column":40}}},"fnMap":{"0":{"name":"(anonymous_0)","decl":{"start":{"line":4,"column":4},"end":{"line":4,"column":5}},"loc":{"start":{"line":4,"column":52},"end":{"line":7,"column":5}},"line":4},"1":{"name":"(anonymous_1)","decl":{"start":{"line":8,"column":4},"end":{"line":8,"column":5}},"loc":{"start":{"line":8,"column":39},"end":{"line":15,"column":5}},"line":8},"2":{"name":"(anonymous_2)","decl":{"start":{"line":16,"column":4},"end":{"line":16,"column":5}},"loc":{"start":{"line":16,"column":37},"end":{"line":20,"column":5}},"line":16},"3":{"name":"(anonymous_3)","decl":{"start":{"line":21,"column":4},"end":{"line":21,"column":5}},"loc":{"start":{"line":21,"column":39},"end":{"line":27,"column":5}},"line":21}},"branchMap":{},"s":{"0":1,"1":1,"2":1,"3":0,"4":0,"5":0,"6":0,"7":0,"8":0,"9":0,"10":0,"11":1},"f":{"0":1,"1":0,"2":0,"3":0},"b":{},"_coverageSchema":"1a1c01bbd47fc00a2c39e90264f33305004495a9","hash":"8d959d35ec84a5da6f3b66e79076a376b79fb7ec"}
,"C:\\Users\\JACKSON\\OneDrive\\Documents\\Dev\\Back-end\\Challenges\\express-api-feature-db\\src\\controller\\targetPublicController.js": {"path":"C:\\Users\\JACKSON\\OneDrive\\Documents\\Dev\\Back-end\\Challenges\\express-api-feature-db\\src\\controller\\targetPublicController.js","statementMap":{"0":{"start":{"line":1,"column":19},"end":{"line":1,"column":50}},"1":{"start":{"line":5,"column":8},"end":{"line":5,"column":55}},"2":{"start":{"line":6,"column":8},"end":{"line":6,"column":41}},"3":{"start":{"line":9,"column":25},"end":{"line":9,"column":33}},"4":{"start":{"line":10,"column":29},"end":{"line":10,"column":84}},"5":{"start":{"line":11,"column":8},"end":{"line":14,"column":11}},"6":{"start":{"line":17,"column":29},"end":{"line":17,"column":80}},"7":{"start":{"line":18,"column":8},"end":{"line":18,"column":60}},"8":{"start":{"line":21,"column":23},"end":{"line":21,"column":33}},"9":{"start":{"line":22,"column":8},"end":{"line":22,"column":62}},"10":{"start":{"line":23,"column":8},"end":{"line":25,"column":11}},"11":{"start":{"line":29,"column":0},"end":{"line":29,"column":40}}},"fnMap":{"0":{"name":"(anonymous_0)","decl":{"start":{"line":4,"column":4},"end":{"line":4,"column":5}},"loc":{"start":{"line":4,"column":51},"end":{"line":7,"column":5}},"line":4},"1":{"name":"(anonymous_1)","decl":{"start":{"line":8,"column":4},"end":{"line":8,"column":5}},"loc":{"start":{"line":8,"column":39},"end":{"line":15,"column":5}},"line":8},"2":{"name":"(anonymous_2)","decl":{"start":{"line":16,"column":4},"end":{"line":16,"column":5}},"loc":{"start":{"line":16,"column":37},"end":{"line":19,"column":5}},"line":16},"3":{"name":"(anonymous_3)","decl":{"start":{"line":20,"column":4},"end":{"line":20,"column":5}},"loc":{"start":{"line":20,"column":39},"end":{"line":26,"column":5}},"line":20}},"branchMap":{},"s":{"0":1,"1":1,"2":1,"3":0,"4":0,"5":0,"6":0,"7":0,"8":0,"9":0,"10":0,"11":1},"f":{"0":1,"1":0,"2":0,"3":0},"b":{},"_coverageSchema":"1a1c01bbd47fc00a2c39e90264f33305004495a9","hash":"a00fd238bc939258b030a6ede9b4ffcd32a104a1"}
,"C:\\Users\\JACKSON\\OneDrive\\Documents\\Dev\\Back-end\\Challenges\\express-api-feature-db\\src\\controller\\userController.js": {"path":"C:\\Users\\JACKSON\\OneDrive\\Documents\\Dev\\Back-end\\Challenges\\express-api-feature-db\\src\\controller\\userController.js","statementMap":{"0":{"start":{"line":1,"column":19},"end":{"line":1,"column":50}},"1":{"start":{"line":2,"column":17},"end":{"line":2,"column":45}},"2":{"start":{"line":6,"column":4},"end":{"line":6,"column":35}},"3":{"start":{"line":7,"column":4},"end":{"line":7,"column":51}},"4":{"start":{"line":8,"column":4},"end":{"line":8,"column":37}},"5":{"start":{"line":11,"column":43},"end":{"line":11,"column":51}},"6":{"start":{"line":12,"column":17},"end":{"line":12,"column":74}},"7":{"start":{"line":13,"column":4},"end":{"line":16,"column":7}},"8":{"start":{"line":19,"column":32},"end":{"line":19,"column":40}},"9":{"start":{"line":20,"column":17},"end":{"line":20,"column":86}},"10":{"start":{"line":21,"column":4},"end":{"line":21,"column":88}},"11":{"start":{"line":21,"column":14},"end":{"line":21,"column":88}},"12":{"start":{"line":22,"column":36},"end":{"line":22,"column":84}},"13":{"start":{"line":23,"column":4},"end":{"line":27,"column":6}},"14":{"start":{"line":30,"column":29},"end":{"line":30,"column":37}},"15":{"start":{"line":31,"column":28},"end":{"line":31,"column":86}},"16":{"start":{"line":32,"column":4},"end":{"line":35,"column":7}},"17":{"start":{"line":38,"column":19},"end":{"line":38,"column":29}},"18":{"start":{"line":39,"column":37},"end":{"line":39,"column":48}},"19":{"start":{"line":40,"column":4},"end":{"line":40,"column":47}},"20":{"start":{"line":41,"column":17},"end":{"line":41,"column":55}},"21":{"start":{"line":42,"column":4},"end":{"line":42,"column":48}},"22":{"start":{"line":45,"column":18},"end":{"line":45,"column":54}},"23":{"start":{"line":46,"column":4},"end":{"line":46,"column":49}},"24":{"start":{"line":49,"column":37},"end":{"line":49,"column":48}},"25":{"start":{"line":50,"column":19},"end":{"line":50,"column":64}},"26":{"start":{"line":51,"column":43},"end":{"line":51,"column":51}},"27":{"start":{"line":52,"column":4},"end":{"line":52,"column":78}},"28":{"start":{"line":53,"column":4},"end":{"line":55,"column":7}},"29":{"start":{"line":58,"column":37},"end":{"line":58,"column":48}},"30":{"start":{"line":59,"column":19},"end":{"line":59,"column":64}},"31":{"start":{"line":60,"column":4},"end":{"line":60,"column":46}},"32":{"start":{"line":61,"column":4},"end":{"line":63,"column":7}},"33":{"start":{"line":66,"column":37},"end":{"line":66,"column":48}},"34":{"start":{"line":67,"column":19},"end":{"line":67,"column":64}},"35":{"start":{"line":68,"column":17},"end":{"line":68,"column":59}},"36":{"start":{"line":69,"column":4},"end":{"line":71,"column":7}},"37":{"start":{"line":74,"column":27},"end":{"line":74,"column":69}},"38":{"start":{"line":75,"column":4},"end":{"line":77,"column":7}},"39":{"start":{"line":81,"column":0},"end":{"line":81,"column":32}}},"fnMap":{"0":{"name":"(anonymous_0)","decl":{"start":{"line":5,"column":2},"end":{"line":5,"column":3}},"loc":{"start":{"line":5,"column":62},"end":{"line":9,"column":3}},"line":5},"1":{"name":"(anonymous_1)","decl":{"start":{"line":10,"column":2},"end":{"line":10,"column":3}},"loc":{"start":{"line":10,"column":25},"end":{"line":17,"column":3}},"line":10},"2":{"name":"(anonymous_2)","decl":{"start":{"line":18,"column":2},"end":{"line":18,"column":3}},"loc":{"start":{"line":18,"column":28},"end":{"line":28,"column":3}},"line":18},"3":{"name":"(anonymous_3)","decl":{"start":{"line":29,"column":2},"end":{"line":29,"column":3}},"loc":{"start":{"line":29,"column":36},"end":{"line":36,"column":3}},"line":29},"4":{"name":"(anonymous_4)","decl":{"start":{"line":37,"column":2},"end":{"line":37,"column":3}},"loc":{"start":{"line":37,"column":30},"end":{"line":43,"column":3}},"line":37},"5":{"name":"(anonymous_5)","decl":{"start":{"line":44,"column":2},"end":{"line":44,"column":3}},"loc":{"start":{"line":44,"column":27},"end":{"line":47,"column":3}},"line":44},"6":{"name":"(anonymous_6)","decl":{"start":{"line":48,"column":2},"end":{"line":48,"column":3}},"loc":{"start":{"line":48,"column":29},"end":{"line":56,"column":3}},"line":48},"7":{"name":"(anonymous_7)","decl":{"start":{"line":57,"column":2},"end":{"line":57,"column":3}},"loc":{"start":{"line":57,"column":29},"end":{"line":64,"column":3}},"line":57},"8":{"name":"(anonymous_8)","decl":{"start":{"line":65,"column":2},"end":{"line":65,"column":3}},"loc":{"start":{"line":65,"column":30},"end":{"line":72,"column":3}},"line":65},"9":{"name":"(anonymous_9)","decl":{"start":{"line":73,"column":2},"end":{"line":73,"column":3}},"loc":{"start":{"line":73,"column":36},"end":{"line":78,"column":3}},"line":73}},"branchMap":{"0":{"loc":{"start":{"line":21,"column":4},"end":{"line":21,"column":88}},"type":"if","locations":[{"start":{"line":21,"column":4},"end":{"line":21,"column":88}},{"start":{},"end":{}}],"line":21}},"s":{"0":1,"1":1,"2":1,"3":1,"4":1,"5":0,"6":0,"7":0,"8":1,"9":1,"10":1,"11":0,"12":1,"13":1,"14":0,"15":0,"16":0,"17":0,"18":0,"19":0,"20":0,"21":0,"22":0,"23":0,"24":0,"25":0,"26":0,"27":0,"28":0,"29":0,"30":0,"31":0,"32":0,"33":0,"34":0,"35":0,"36":0,"37":0,"38":0,"39":1},"f":{"0":1,"1":0,"2":1,"3":0,"4":0,"5":0,"6":0,"7":0,"8":0,"9":0},"b":{"0":[0,1]},"_coverageSchema":"1a1c01bbd47fc00a2c39e90264f33305004495a9","hash":"73f9fbf1190006819e0124e3169f359faa8594e3"}
,"C:\\Users\\JACKSON\\OneDrive\\Documents\\Dev\\Back-end\\Challenges\\express-api-feature-db\\src\\database\\config\\db.js": {"path":"C:\\Users\\JACKSON\\OneDrive\\Documents\\Dev\\Back-end\\Challenges\\express-api-feature-db\\src\\database\\config\\db.js","statementMap":{"0":{"start":{"line":1,"column":13},"end":{"line":1,"column":28}},"1":{"start":{"line":2,"column":19},"end":{"line":2,"column":40}},"2":{"start":{"line":4,"column":20},"end":{"line":4,"column":57}},"3":{"start":{"line":5,"column":15},"end":{"line":5,"column":38}},"4":{"start":{"line":7,"column":11},"end":{"line":7,"column":23}},"5":{"start":{"line":9,"column":0},"end":{"line":9,"column":20}}},"fnMap":{},"branchMap":{"0":{"loc":{"start":{"line":4,"column":20},"end":{"line":4,"column":57}},"type":"binary-expr","locations":[{"start":{"line":4,"column":20},"end":{"line":4,"column":40}},{"start":{"line":4,"column":44},"end":{"line":4,"column":57}}],"line":4}},"s":{"0":1,"1":1,"2":1,"3":1,"4":1,"5":1},"f":{},"b":{"0":[1,0]},"_coverageSchema":"1a1c01bbd47fc00a2c39e90264f33305004495a9","hash":"bc312c136be88d753d40199470b0bd228960ba4b"}
,"C:\\Users\\JACKSON\\OneDrive\\Documents\\Dev\\Back-end\\Challenges\\express-api-feature-db\\src\\database\\config\\knexfile.js": {"path":"C:\\Users\\JACKSON\\OneDrive\\Documents\\Dev\\Back-end\\Challenges\\express-api-feature-db\\src\\database\\config\\knexfile.js","statementMap":{"0":{"start":{"line":1,"column":0},"end":{"line":1,"column":27}},"1":{"start":{"line":3,"column":0},"end":{"line":26,"column":2}}},"fnMap":{},"branchMap":{},"s":{"0":1,"1":1},"f":{},"b":{},"_coverageSchema":"1a1c01bbd47fc00a2c39e90264f33305004495a9","hash":"686cfe0a80c7e1041035a95dfa3e0d2a1aa611de"}
,"C:\\Users\\JACKSON\\OneDrive\\Documents\\Dev\\Back-end\\Challenges\\express-api-feature-db\\src\\features\\albumContainer.js": {"path":"C:\\Users\\JACKSON\\OneDrive\\Documents\\Dev\\Back-end\\Challenges\\express-api-feature-db\\src\\features\\albumContainer.js","statementMap":{"0":{"start":{"line":1,"column":38},"end":{"line":1,"column":109}},"1":{"start":{"line":2,"column":38},"end":{"line":2,"column":109}},"2":{"start":{"line":3,"column":24},"end":{"line":3,"column":66}},"3":{"start":{"line":4,"column":21},"end":{"line":4,"column":56}},"4":{"start":{"line":5,"column":24},"end":{"line":5,"column":64}},"5":{"start":{"line":6,"column":21},"end":{"line":6,"column":56}},"6":{"start":{"line":7,"column":24},"end":{"line":7,"column":66}},"7":{"start":{"line":8,"column":26},"end":{"line":8,"column":58}},"8":{"start":{"line":9,"column":29},"end":{"line":9,"column":90}},"9":{"start":{"line":10,"column":29},"end":{"line":10,"column":90}},"10":{"start":{"line":13,"column":42},"end":{"line":13,"column":77}},"11":{"start":{"line":14,"column":42},"end":{"line":14,"column":77}},"12":{"start":{"line":15,"column":28},"end":{"line":15,"column":105}},"13":{"start":{"line":16,"column":28},"end":{"line":16,"column":105}},"14":{"start":{"line":17,"column":25},"end":{"line":17,"column":58}},"15":{"start":{"line":18,"column":25},"end":{"line":18,"column":58}},"16":{"start":{"line":19,"column":28},"end":{"line":19,"column":75}},"17":{"start":{"line":20,"column":24},"end":{"line":20,"column":58}},"18":{"start":{"line":21,"column":4},"end":{"line":21,"column":27}},"19":{"start":{"line":24,"column":0},"end":{"line":24,"column":41}}},"fnMap":{"0":{"name":"configureAlbumContainer","decl":{"start":{"line":12,"column":9},"end":{"line":12,"column":32}},"loc":{"start":{"line":12,"column":35},"end":{"line":22,"column":1}},"line":12}},"branchMap":{},"s":{"0":1,"1":1,"2":1,"3":1,"4":1,"5":1,"6":1,"7":1,"8":1,"9":1,"10":1,"11":1,"12":1,"13":1,"14":1,"15":1,"16":1,"17":1,"18":1,"19":1},"f":{"0":1},"b":{},"_coverageSchema":"1a1c01bbd47fc00a2c39e90264f33305004495a9","hash":"89b67182446d7de68e35016b7fcedcf271cef7f8"}
,"C:\\Users\\JACKSON\\OneDrive\\Documents\\Dev\\Back-end\\Challenges\\express-api-feature-db\\src\\features\\albumItemContainer.js": {"path":"C:\\Users\\JACKSON\\OneDrive\\Documents\\Dev\\Back-end\\Challenges\\express-api-feature-db\\src\\features\\albumItemContainer.js","statementMap":{"0":{"start":{"line":1,"column":42},"end":{"line":1,"column":117}},"1":{"start":{"line":2,"column":38},"end":{"line":2,"column":109}},"2":{"start":{"line":3,"column":28},"end":{"line":3,"column":74}},"3":{"start":{"line":4,"column":25},"end":{"line":4,"column":64}},"4":{"start":{"line":5,"column":28},"end":{"line":5,"column":72}},"5":{"start":{"line":6,"column":21},"end":{"line":6,"column":56}},"6":{"start":{"line":7,"column":24},"end":{"line":7,"column":66}},"7":{"start":{"line":8,"column":30},"end":{"line":8,"column":66}},"8":{"start":{"line":9,"column":33},"end":{"line":9,"column":98}},"9":{"start":{"line":10,"column":29},"end":{"line":10,"column":90}},"10":{"start":{"line":13,"column":46},"end":{"line":13,"column":85}},"11":{"start":{"line":14,"column":42},"end":{"line":14,"column":77}},"12":{"start":{"line":15,"column":28},"end":{"line":15,"column":105}},"13":{"start":{"line":16,"column":32},"end":{"line":16,"column":121}},"14":{"start":{"line":17,"column":25},"end":{"line":17,"column":58}},"15":{"start":{"line":18,"column":29},"end":{"line":18,"column":70}},"16":{"start":{"line":19,"column":32},"end":{"line":19,"column":87}},"17":{"start":{"line":20,"column":28},"end":{"line":20,"column":70}},"18":{"start":{"line":21,"column":4},"end":{"line":21,"column":30}},"19":{"start":{"line":24,"column":0},"end":{"line":24,"column":45}}},"fnMap":{"0":{"name":"configureAlbumItemContainer","decl":{"start":{"line":12,"column":9},"end":{"line":12,"column":36}},"loc":{"start":{"line":12,"column":39},"end":{"line":22,"column":1}},"line":12}},"branchMap":{},"s":{"0":1,"1":1,"2":1,"3":1,"4":1,"5":1,"6":1,"7":1,"8":1,"9":1,"10":1,"11":1,"12":1,"13":1,"14":1,"15":1,"16":1,"17":1,"18":1,"19":1},"f":{"0":1},"b":{},"_coverageSchema":"1a1c01bbd47fc00a2c39e90264f33305004495a9","hash":"bc8d892236b9c0338bbc68d9097aa57672d3bc84"}
,"C:\\Users\\JACKSON\\OneDrive\\Documents\\Dev\\Back-end\\Challenges\\express-api-feature-db\\src\\features\\commentContainer.js": {"path":"C:\\Users\\JACKSON\\OneDrive\\Documents\\Dev\\Back-end\\Challenges\\express-api-feature-db\\src\\features\\commentContainer.js","statementMap":{"0":{"start":{"line":1,"column":40},"end":{"line":1,"column":113}},"1":{"start":{"line":2,"column":38},"end":{"line":2,"column":109}},"2":{"start":{"line":3,"column":26},"end":{"line":3,"column":70}},"3":{"start":{"line":4,"column":23},"end":{"line":4,"column":60}},"4":{"start":{"line":5,"column":26},"end":{"line":5,"column":68}},"5":{"start":{"line":6,"column":21},"end":{"line":6,"column":56}},"6":{"start":{"line":7,"column":24},"end":{"line":7,"column":66}},"7":{"start":{"line":8,"column":28},"end":{"line":8,"column":62}},"8":{"start":{"line":9,"column":31},"end":{"line":9,"column":94}},"9":{"start":{"line":10,"column":29},"end":{"line":10,"column":90}},"10":{"start":{"line":13,"column":44},"end":{"line":13,"column":81}},"11":{"start":{"line":14,"column":42},"end":{"line":14,"column":77}},"12":{"start":{"line":15,"column":30},"end":{"line":15,"column":113}},"13":{"start":{"line":16,"column":28},"end":{"line":16,"column":105}},"14":{"start":{"line":17,"column":25},"end":{"line":17,"column":58}},"15":{"start":{"line":18,"column":27},"end":{"line":18,"column":64}},"16":{"start":{"line":19,"column":30},"end":{"line":19,"column":81}},"17":{"start":{"line":20,"column":26},"end":{"line":20,"column":64}},"18":{"start":{"line":21,"column":4},"end":{"line":21,"column":28}},"19":{"start":{"line":24,"column":0},"end":{"line":24,"column":43}}},"fnMap":{"0":{"name":"configureCommentContainer","decl":{"start":{"line":12,"column":9},"end":{"line":12,"column":34}},"loc":{"start":{"line":12,"column":37},"end":{"line":22,"column":1}},"line":12}},"branchMap":{},"s":{"0":1,"1":1,"2":1,"3":1,"4":1,"5":1,"6":1,"7":1,"8":1,"9":1,"10":1,"11":1,"12":1,"13":1,"14":1,"15":1,"16":1,"17":1,"18":1,"19":1},"f":{"0":1},"b":{},"_coverageSchema":"1a1c01bbd47fc00a2c39e90264f33305004495a9","hash":"844dc6f923fde6cbc92bfabe5334f67604205279"}
,"C:\\Users\\JACKSON\\OneDrive\\Documents\\Dev\\Back-end\\Challenges\\express-api-feature-db\\src\\features\\fileTypeContainer.js": {"path":"C:\\Users\\JACKSON\\OneDrive\\Documents\\Dev\\Back-end\\Challenges\\express-api-feature-db\\src\\features\\fileTypeContainer.js","statementMap":{"0":{"start":{"line":1,"column":41},"end":{"line":1,"column":115}},"1":{"start":{"line":2,"column":27},"end":{"line":2,"column":72}},"2":{"start":{"line":3,"column":24},"end":{"line":3,"column":62}},"3":{"start":{"line":4,"column":27},"end":{"line":4,"column":70}},"4":{"start":{"line":5,"column":29},"end":{"line":5,"column":64}},"5":{"start":{"line":6,"column":32},"end":{"line":6,"column":96}},"6":{"start":{"line":10,"column":45},"end":{"line":10,"column":83}},"7":{"start":{"line":11,"column":31},"end":{"line":11,"column":117}},"8":{"start":{"line":12,"column":28},"end":{"line":12,"column":67}},"9":{"start":{"line":13,"column":31},"end":{"line":13,"column":70}},"10":{"start":{"line":14,"column":27},"end":{"line":14,"column":67}},"11":{"start":{"line":15,"column":4},"end":{"line":15,"column":29}},"12":{"start":{"line":18,"column":0},"end":{"line":18,"column":44}}},"fnMap":{"0":{"name":"configureFileTypeContainer","decl":{"start":{"line":9,"column":9},"end":{"line":9,"column":35}},"loc":{"start":{"line":9,"column":38},"end":{"line":16,"column":1}},"line":9}},"branchMap":{},"s":{"0":1,"1":1,"2":1,"3":1,"4":1,"5":1,"6":1,"7":1,"8":1,"9":1,"10":1,"11":1,"12":1},"f":{"0":1},"b":{},"_coverageSchema":"1a1c01bbd47fc00a2c39e90264f33305004495a9","hash":"f081a3a6077acff141ce5343339197febfcf1783"}
,"C:\\Users\\JACKSON\\OneDrive\\Documents\\Dev\\Back-end\\Challenges\\express-api-feature-db\\src\\features\\friendshipContainer.js": {"path":"C:\\Users\\JACKSON\\OneDrive\\Documents\\Dev\\Back-end\\Challenges\\express-api-feature-db\\src\\features\\friendshipContainer.js","statementMap":{"0":{"start":{"line":1,"column":43},"end":{"line":1,"column":119}},"1":{"start":{"line":2,"column":38},"end":{"line":2,"column":109}},"2":{"start":{"line":3,"column":29},"end":{"line":3,"column":76}},"3":{"start":{"line":4,"column":26},"end":{"line":4,"column":67}},"4":{"start":{"line":5,"column":29},"end":{"line":5,"column":74}},"5":{"start":{"line":6,"column":21},"end":{"line":6,"column":56}},"6":{"start":{"line":7,"column":24},"end":{"line":7,"column":66}},"7":{"start":{"line":8,"column":31},"end":{"line":8,"column":68}},"8":{"start":{"line":9,"column":34},"end":{"line":9,"column":100}},"9":{"start":{"line":10,"column":29},"end":{"line":10,"column":90}},"10":{"start":{"line":13,"column":47},"end":{"line":13,"column":87}},"11":{"start":{"line":14,"column":42},"end":{"line":14,"column":77}},"12":{"start":{"line":15,"column":33},"end":{"line":15,"column":125}},"13":{"start":{"line":16,"column":28},"end":{"line":16,"column":105}},"14":{"start":{"line":17,"column":25},"end":{"line":17,"column":58}},"15":{"start":{"line":18,"column":30},"end":{"line":18,"column":73}},"16":{"start":{"line":19,"column":33},"end":{"line":19,"column":90}},"17":{"start":{"line":20,"column":29},"end":{"line":20,"column":73}},"18":{"start":{"line":21,"column":4},"end":{"line":21,"column":31}},"19":{"start":{"line":24,"column":0},"end":{"line":24,"column":46}}},"fnMap":{"0":{"name":"configureFriendshipContainer","decl":{"start":{"line":12,"column":9},"end":{"line":12,"column":37}},"loc":{"start":{"line":12,"column":40},"end":{"line":22,"column":1}},"line":12}},"branchMap":{},"s":{"0":1,"1":1,"2":1,"3":1,"4":1,"5":1,"6":1,"7":1,"8":1,"9":1,"10":1,"11":1,"12":1,"13":1,"14":1,"15":1,"16":1,"17":1,"18":1,"19":1},"f":{"0":1},"b":{},"_coverageSchema":"1a1c01bbd47fc00a2c39e90264f33305004495a9","hash":"54e6e6b95312d2cabebd2b17642edb4e151f26d5"}
,"C:\\Users\\JACKSON\\OneDrive\\Documents\\Dev\\Back-end\\Challenges\\express-api-feature-db\\src\\features\\friendshipRequestContainer.js": {"path":"C:\\Users\\JACKSON\\OneDrive\\Documents\\Dev\\Back-end\\Challenges\\express-api-feature-db\\src\\features\\friendshipRequestContainer.js","statementMap":{"0":{"start":{"line":1,"column":38},"end":{"line":1,"column":109}},"1":{"start":{"line":2,"column":50},"end":{"line":2,"column":119}},"2":{"start":{"line":3,"column":36},"end":{"line":3,"column":90}},"3":{"start":{"line":4,"column":24},"end":{"line":4,"column":66}},"4":{"start":{"line":5,"column":20},"end":{"line":5,"column":56}},"5":{"start":{"line":6,"column":21},"end":{"line":6,"column":56}},"6":{"start":{"line":7,"column":33},"end":{"line":7,"column":80}},"7":{"start":{"line":8,"column":36},"end":{"line":8,"column":88}},"8":{"start":{"line":9,"column":38},"end":{"line":9,"column":82}},"9":{"start":{"line":10,"column":43},"end":{"line":10,"column":119}},"10":{"start":{"line":11,"column":41},"end":{"line":11,"column":104}},"11":{"start":{"line":12,"column":29},"end":{"line":12,"column":90}},"12":{"start":{"line":13,"column":29},"end":{"line":13,"column":76}},"13":{"start":{"line":14,"column":34},"end":{"line":14,"column":100}},"14":{"start":{"line":15,"column":26},"end":{"line":15,"column":67}},"15":{"start":{"line":18,"column":42},"end":{"line":18,"column":77}},"16":{"start":{"line":19,"column":54},"end":{"line":19,"column":101}},"17":{"start":{"line":20,"column":47},"end":{"line":20,"column":87}},"18":{"start":{"line":21,"column":40},"end":{"line":21,"column":153}},"19":{"start":{"line":22,"column":28},"end":{"line":22,"column":105}},"20":{"start":{"line":23,"column":33},"end":{"line":23,"column":125}},"21":{"start":{"line":24,"column":24},"end":{"line":24,"column":41}},"22":{"start":{"line":25,"column":25},"end":{"line":25,"column":71}},"23":{"start":{"line":26,"column":30},"end":{"line":26,"column":73}},"24":{"start":{"line":27,"column":37},"end":{"line":27,"column":94}},"25":{"start":{"line":28,"column":40},"end":{"line":28,"column":130}},"26":{"start":{"line":29,"column":36},"end":{"line":29,"column":94}},"27":{"start":{"line":30,"column":4},"end":{"line":30,"column":38}},"28":{"start":{"line":33,"column":0},"end":{"line":33,"column":53}}},"fnMap":{"0":{"name":"configureFriendshipRequestContainer","decl":{"start":{"line":17,"column":9},"end":{"line":17,"column":44}},"loc":{"start":{"line":17,"column":47},"end":{"line":31,"column":1}},"line":17}},"branchMap":{},"s":{"0":1,"1":1,"2":1,"3":1,"4":1,"5":1,"6":1,"7":1,"8":1,"9":1,"10":1,"11":1,"12":1,"13":1,"14":1,"15":1,"16":1,"17":1,"18":1,"19":1,"20":1,"21":1,"22":1,"23":1,"24":1,"25":1,"26":1,"27":1,"28":1},"f":{"0":1},"b":{},"_coverageSchema":"1a1c01bbd47fc00a2c39e90264f33305004495a9","hash":"e1b2efb2b64210007127a55518131fbd1b254c47"}
,"C:\\Users\\JACKSON\\OneDrive\\Documents\\Dev\\Back-end\\Challenges\\express-api-feature-db\\src\\features\\friendshipRequestTypeContainer.js": {"path":"C:\\Users\\JACKSON\\OneDrive\\Documents\\Dev\\Back-end\\Challenges\\express-api-feature-db\\src\\features\\friendshipRequestTypeContainer.js","statementMap":{"0":{"start":{"line":1,"column":54},"end":{"line":1,"column":127}},"1":{"start":{"line":2,"column":40},"end":{"line":2,"column":98}},"2":{"start":{"line":3,"column":37},"end":{"line":3,"column":88}},"3":{"start":{"line":4,"column":40},"end":{"line":4,"column":96}},"4":{"start":{"line":5,"column":42},"end":{"line":5,"column":90}},"5":{"start":{"line":6,"column":45},"end":{"line":6,"column":112}},"6":{"start":{"line":9,"column":58},"end":{"line":9,"column":109}},"7":{"start":{"line":10,"column":44},"end":{"line":10,"column":169}},"8":{"start":{"line":11,"column":41},"end":{"line":11,"column":106}},"9":{"start":{"line":12,"column":44},"end":{"line":12,"column":109}},"10":{"start":{"line":13,"column":40},"end":{"line":13,"column":106}},"11":{"start":{"line":14,"column":4},"end":{"line":14,"column":42}},"12":{"start":{"line":17,"column":0},"end":{"line":17,"column":57}}},"fnMap":{"0":{"name":"configureFriendshipRequestTypeContainer","decl":{"start":{"line":8,"column":9},"end":{"line":8,"column":48}},"loc":{"start":{"line":8,"column":51},"end":{"line":15,"column":1}},"line":8}},"branchMap":{},"s":{"0":1,"1":1,"2":1,"3":1,"4":1,"5":1,"6":1,"7":1,"8":1,"9":1,"10":1,"11":1,"12":1},"f":{"0":1},"b":{},"_coverageSchema":"1a1c01bbd47fc00a2c39e90264f33305004495a9","hash":"4a1a54679f6aa6eb21cf948e738d48fac25a23e5"}
,"C:\\Users\\JACKSON\\OneDrive\\Documents\\Dev\\Back-end\\Challenges\\express-api-feature-db\\src\\features\\postContainer.js": {"path":"C:\\Users\\JACKSON\\OneDrive\\Documents\\Dev\\Back-end\\Challenges\\express-api-feature-db\\src\\features\\postContainer.js","statementMap":{"0":{"start":{"line":1,"column":37},"end":{"line":1,"column":107}},"1":{"start":{"line":2,"column":38},"end":{"line":2,"column":109}},"2":{"start":{"line":3,"column":23},"end":{"line":3,"column":64}},"3":{"start":{"line":4,"column":20},"end":{"line":4,"column":54}},"4":{"start":{"line":5,"column":23},"end":{"line":5,"column":62}},"5":{"start":{"line":6,"column":21},"end":{"line":6,"column":56}},"6":{"start":{"line":7,"column":24},"end":{"line":7,"column":66}},"7":{"start":{"line":8,"column":25},"end":{"line":8,"column":56}},"8":{"start":{"line":9,"column":28},"end":{"line":9,"column":88}},"9":{"start":{"line":10,"column":29},"end":{"line":10,"column":90}},"10":{"start":{"line":13,"column":41},"end":{"line":13,"column":75}},"11":{"start":{"line":14,"column":42},"end":{"line":14,"column":77}},"12":{"start":{"line":15,"column":27},"end":{"line":15,"column":101}},"13":{"start":{"line":16,"column":28},"end":{"line":16,"column":105}},"14":{"start":{"line":17,"column":24},"end":{"line":17,"column":55}},"15":{"start":{"line":18,"column":25},"end":{"line":18,"column":58}},"16":{"start":{"line":19,"column":27},"end":{"line":19,"column":72}},"17":{"start":{"line":20,"column":23},"end":{"line":20,"column":55}},"18":{"start":{"line":21,"column":4},"end":{"line":21,"column":25}},"19":{"start":{"line":24,"column":0},"end":{"line":24,"column":40}}},"fnMap":{"0":{"name":"configurePostContainer","decl":{"start":{"line":12,"column":9},"end":{"line":12,"column":31}},"loc":{"start":{"line":12,"column":34},"end":{"line":22,"column":1}},"line":12}},"branchMap":{},"s":{"0":1,"1":1,"2":1,"3":1,"4":1,"5":1,"6":1,"7":1,"8":1,"9":1,"10":1,"11":1,"12":1,"13":1,"14":1,"15":1,"16":1,"17":1,"18":1,"19":1},"f":{"0":1},"b":{},"_coverageSchema":"1a1c01bbd47fc00a2c39e90264f33305004495a9","hash":"9ea8f82bbb78672885e17d4717175708290bd127"}
,"C:\\Users\\JACKSON\\OneDrive\\Documents\\Dev\\Back-end\\Challenges\\express-api-feature-db\\src\\features\\reactionContainer.js": {"path":"C:\\Users\\JACKSON\\OneDrive\\Documents\\Dev\\Back-end\\Challenges\\express-api-feature-db\\src\\features\\reactionContainer.js","statementMap":{"0":{"start":{"line":1,"column":41},"end":{"line":1,"column":115}},"1":{"start":{"line":2,"column":38},"end":{"line":2,"column":109}},"2":{"start":{"line":3,"column":27},"end":{"line":3,"column":72}},"3":{"start":{"line":4,"column":24},"end":{"line":4,"column":62}},"4":{"start":{"line":5,"column":27},"end":{"line":5,"column":70}},"5":{"start":{"line":6,"column":24},"end":{"line":6,"column":66}},"6":{"start":{"line":7,"column":21},"end":{"line":7,"column":56}},"7":{"start":{"line":8,"column":29},"end":{"line":8,"column":64}},"8":{"start":{"line":9,"column":32},"end":{"line":9,"column":96}},"9":{"start":{"line":10,"column":29},"end":{"line":10,"column":90}},"10":{"start":{"line":13,"column":45},"end":{"line":13,"column":83}},"11":{"start":{"line":14,"column":42},"end":{"line":14,"column":77}},"12":{"start":{"line":15,"column":31},"end":{"line":15,"column":117}},"13":{"start":{"line":16,"column":28},"end":{"line":16,"column":105}},"14":{"start":{"line":17,"column":25},"end":{"line":17,"column":58}},"15":{"start":{"line":18,"column":28},"end":{"line":18,"column":67}},"16":{"start":{"line":19,"column":31},"end":{"line":19,"column":84}},"17":{"start":{"line":20,"column":27},"end":{"line":20,"column":67}},"18":{"start":{"line":21,"column":4},"end":{"line":21,"column":29}},"19":{"start":{"line":24,"column":0},"end":{"line":24,"column":44}}},"fnMap":{"0":{"name":"configureReactionContainer","decl":{"start":{"line":12,"column":9},"end":{"line":12,"column":35}},"loc":{"start":{"line":12,"column":38},"end":{"line":22,"column":1}},"line":12}},"branchMap":{},"s":{"0":1,"1":1,"2":1,"3":1,"4":1,"5":1,"6":1,"7":1,"8":1,"9":1,"10":1,"11":1,"12":1,"13":1,"14":1,"15":1,"16":1,"17":1,"18":1,"19":1},"f":{"0":1},"b":{},"_coverageSchema":"1a1c01bbd47fc00a2c39e90264f33305004495a9","hash":"ddafd78247e9ce76077cd91f3abfe9b7974d4f55"}
,"C:\\Users\\JACKSON\\OneDrive\\Documents\\Dev\\Back-end\\Challenges\\express-api-feature-db\\src\\features\\reactionTypeContainer.js": {"path":"C:\\Users\\JACKSON\\OneDrive\\Documents\\Dev\\Back-end\\Challenges\\express-api-feature-db\\src\\features\\reactionTypeContainer.js","statementMap":{"0":{"start":{"line":1,"column":45},"end":{"line":1,"column":123}},"1":{"start":{"line":2,"column":38},"end":{"line":2,"column":109}},"2":{"start":{"line":3,"column":31},"end":{"line":3,"column":80}},"3":{"start":{"line":4,"column":28},"end":{"line":4,"column":70}},"4":{"start":{"line":5,"column":31},"end":{"line":5,"column":78}},"5":{"start":{"line":6,"column":21},"end":{"line":6,"column":56}},"6":{"start":{"line":7,"column":24},"end":{"line":7,"column":66}},"7":{"start":{"line":8,"column":33},"end":{"line":8,"column":72}},"8":{"start":{"line":9,"column":34},"end":{"line":9,"column":102}},"9":{"start":{"line":10,"column":29},"end":{"line":10,"column":90}},"10":{"start":{"line":13,"column":49},"end":{"line":13,"column":91}},"11":{"start":{"line":14,"column":42},"end":{"line":14,"column":77}},"12":{"start":{"line":15,"column":35},"end":{"line":15,"column":133}},"13":{"start":{"line":16,"column":28},"end":{"line":16,"column":105}},"14":{"start":{"line":17,"column":25},"end":{"line":17,"column":58}},"15":{"start":{"line":18,"column":32},"end":{"line":18,"column":79}},"16":{"start":{"line":19,"column":35},"end":{"line":19,"column":96}},"17":{"start":{"line":20,"column":31},"end":{"line":20,"column":79}},"18":{"start":{"line":21,"column":4},"end":{"line":21,"column":33}},"19":{"start":{"line":24,"column":0},"end":{"line":24,"column":48}}},"fnMap":{"0":{"name":"configureReactionTypeContainer","decl":{"start":{"line":12,"column":9},"end":{"line":12,"column":39}},"loc":{"start":{"line":12,"column":42},"end":{"line":22,"column":1}},"line":12}},"branchMap":{},"s":{"0":1,"1":1,"2":1,"3":1,"4":1,"5":1,"6":1,"7":1,"8":1,"9":1,"10":1,"11":1,"12":1,"13":1,"14":1,"15":1,"16":1,"17":1,"18":1,"19":1},"f":{"0":1},"b":{},"_coverageSchema":"1a1c01bbd47fc00a2c39e90264f33305004495a9","hash":"7aaf02de6338f61e96cf738b32c431c3b7f6e310"}
,"C:\\Users\\JACKSON\\OneDrive\\Documents\\Dev\\Back-end\\Challenges\\express-api-feature-db\\src\\features\\targetPublicContainer.js": {"path":"C:\\Users\\JACKSON\\OneDrive\\Documents\\Dev\\Back-end\\Challenges\\express-api-feature-db\\src\\features\\targetPublicContainer.js","statementMap":{"0":{"start":{"line":1,"column":45},"end":{"line":1,"column":123}},"1":{"start":{"line":2,"column":38},"end":{"line":2,"column":109}},"2":{"start":{"line":3,"column":31},"end":{"line":3,"column":109}},"3":{"start":{"line":4,"column":28},"end":{"line":4,"column":70}},"4":{"start":{"line":5,"column":31},"end":{"line":5,"column":78}},"5":{"start":{"line":6,"column":21},"end":{"line":6,"column":56}},"6":{"start":{"line":7,"column":24},"end":{"line":7,"column":66}},"7":{"start":{"line":8,"column":33},"end":{"line":8,"column":72}},"8":{"start":{"line":9,"column":36},"end":{"line":9,"column":104}},"9":{"start":{"line":10,"column":29},"end":{"line":10,"column":90}},"10":{"start":{"line":13,"column":49},"end":{"line":13,"column":91}},"11":{"start":{"line":14,"column":42},"end":{"line":14,"column":77}},"12":{"start":{"line":15,"column":28},"end":{"line":15,"column":105}},"13":{"start":{"line":16,"column":35},"end":{"line":16,"column":133}},"14":{"start":{"line":17,"column":25},"end":{"line":17,"column":58}},"15":{"start":{"line":18,"column":32},"end":{"line":18,"column":79}},"16":{"start":{"line":19,"column":35},"end":{"line":19,"column":96}},"17":{"start":{"line":20,"column":31},"end":{"line":20,"column":79}},"18":{"start":{"line":21,"column":4},"end":{"line":21,"column":33}},"19":{"start":{"line":24,"column":0},"end":{"line":24,"column":48}}},"fnMap":{"0":{"name":"configureTargetPublicContainer","decl":{"start":{"line":12,"column":9},"end":{"line":12,"column":39}},"loc":{"start":{"line":12,"column":41},"end":{"line":22,"column":1}},"line":12}},"branchMap":{},"s":{"0":1,"1":1,"2":1,"3":1,"4":1,"5":1,"6":1,"7":1,"8":1,"9":1,"10":1,"11":1,"12":1,"13":1,"14":1,"15":1,"16":1,"17":1,"18":1,"19":1},"f":{"0":1},"b":{},"_coverageSchema":"1a1c01bbd47fc00a2c39e90264f33305004495a9","hash":"0a875df0b2631fba75e0193ab3c29cb50a28b185"}
,"C:\\Users\\JACKSON\\OneDrive\\Documents\\Dev\\Back-end\\Challenges\\express-api-feature-db\\src\\features\\userContainer.js": {"path":"C:\\Users\\JACKSON\\OneDrive\\Documents\\Dev\\Back-end\\Challenges\\express-api-feature-db\\src\\features\\userContainer.js","statementMap":{"0":{"start":{"line":1,"column":38},"end":{"line":1,"column":109}},"1":{"start":{"line":2,"column":37},"end":{"line":2,"column":107}},"2":{"start":{"line":3,"column":24},"end":{"line":3,"column":66}},"3":{"start":{"line":4,"column":21},"end":{"line":4,"column":56}},"4":{"start":{"line":5,"column":23},"end":{"line":5,"column":64}},"5":{"start":{"line":6,"column":28},"end":{"line":6,"column":62}},"6":{"start":{"line":7,"column":20},"end":{"line":7,"column":55}},"7":{"start":{"line":8,"column":23},"end":{"line":8,"column":62}},"8":{"start":{"line":9,"column":20},"end":{"line":9,"column":56}},"9":{"start":{"line":10,"column":25},"end":{"line":10,"column":56}},"10":{"start":{"line":11,"column":28},"end":{"line":11,"column":88}},"11":{"start":{"line":12,"column":29},"end":{"line":12,"column":90}},"12":{"start":{"line":15,"column":42},"end":{"line":15,"column":77}},"13":{"start":{"line":16,"column":41},"end":{"line":16,"column":75}},"14":{"start":{"line":17,"column":28},"end":{"line":17,"column":105}},"15":{"start":{"line":18,"column":24},"end":{"line":18,"column":41}},"16":{"start":{"line":19,"column":25},"end":{"line":19,"column":71}},"17":{"start":{"line":20,"column":27},"end":{"line":20,"column":101}},"18":{"start":{"line":21,"column":32},"end":{"line":21,"column":84}},"19":{"start":{"line":22,"column":24},"end":{"line":22,"column":68}},"20":{"start":{"line":23,"column":27},"end":{"line":23,"column":93}},"21":{"start":{"line":24,"column":23},"end":{"line":24,"column":55}},"22":{"start":{"line":25,"column":4},"end":{"line":25,"column":25}},"23":{"start":{"line":28,"column":0},"end":{"line":28,"column":40}}},"fnMap":{"0":{"name":"configureUserContainer","decl":{"start":{"line":14,"column":9},"end":{"line":14,"column":31}},"loc":{"start":{"line":14,"column":33},"end":{"line":26,"column":1}},"line":14}},"branchMap":{},"s":{"0":1,"1":1,"2":1,"3":1,"4":1,"5":1,"6":1,"7":1,"8":1,"9":1,"10":1,"11":1,"12":1,"13":1,"14":1,"15":1,"16":1,"17":1,"18":1,"19":1,"20":1,"21":1,"22":1,"23":1},"f":{"0":1},"b":{},"_coverageSchema":"1a1c01bbd47fc00a2c39e90264f33305004495a9","hash":"447afb0683a74a8b7fac8f84379735d3145f0cd9"}
,"C:\\Users\\JACKSON\\OneDrive\\Documents\\Dev\\Back-end\\Challenges\\express-api-feature-db\\src\\middlewares\\albumItemValidation.js": {"path":"C:\\Users\\JACKSON\\OneDrive\\Documents\\Dev\\Back-end\\Challenges\\express-api-feature-db\\src\\middlewares\\albumItemValidation.js","statementMap":{"0":{"start":{"line":1,"column":17},"end":{"line":1,"column":45}},"1":{"start":{"line":2,"column":19},"end":{"line":2,"column":50}},"2":{"start":{"line":3,"column":23},"end":{"line":18,"column":1}},"3":{"start":{"line":3,"column":35},"end":{"line":18,"column":1}},"4":{"start":{"line":4,"column":4},"end":{"line":17,"column":5}},"5":{"start":{"line":5,"column":38},"end":{"line":5,"column":46}},"6":{"start":{"line":6,"column":34},"end":{"line":6,"column":45}},"7":{"start":{"line":7,"column":23},"end":{"line":7,"column":33}},"8":{"start":{"line":8,"column":8},"end":{"line":13,"column":10}},"9":{"start":{"line":14,"column":8},"end":{"line":14,"column":15}},"10":{"start":{"line":16,"column":8},"end":{"line":16,"column":57}},"11":{"start":{"line":20,"column":0},"end":{"line":20,"column":32}}},"fnMap":{"0":{"name":"(anonymous_0)","decl":{"start":{"line":3,"column":23},"end":{"line":3,"column":24}},"loc":{"start":{"line":3,"column":35},"end":{"line":18,"column":1}},"line":3},"1":{"name":"(anonymous_1)","decl":{"start":{"line":3,"column":35},"end":{"line":3,"column":36}},"loc":{"start":{"line":3,"column":61},"end":{"line":18,"column":1}},"line":3}},"branchMap":{},"s":{"0":1,"1":1,"2":1,"3":3,"4":0,"5":0,"6":0,"7":0,"8":0,"9":0,"10":0,"11":1},"f":{"0":3,"1":0},"b":{},"_coverageSchema":"1a1c01bbd47fc00a2c39e90264f33305004495a9","hash":"e2abb3121692384911af8410e729db675f0daa73"}
,"C:\\Users\\JACKSON\\OneDrive\\Documents\\Dev\\Back-end\\Challenges\\express-api-feature-db\\src\\middlewares\\albumValidation.js": {"path":"C:\\Users\\JACKSON\\OneDrive\\Documents\\Dev\\Back-end\\Challenges\\express-api-feature-db\\src\\middlewares\\albumValidation.js","statementMap":{"0":{"start":{"line":1,"column":17},"end":{"line":1,"column":45}},"1":{"start":{"line":2,"column":19},"end":{"line":2,"column":50}},"2":{"start":{"line":3,"column":23},"end":{"line":18,"column":1}},"3":{"start":{"line":3,"column":35},"end":{"line":18,"column":1}},"4":{"start":{"line":4,"column":4},"end":{"line":17,"column":5}},"5":{"start":{"line":5,"column":43},"end":{"line":5,"column":51}},"6":{"start":{"line":6,"column":34},"end":{"line":6,"column":45}},"7":{"start":{"line":7,"column":23},"end":{"line":7,"column":33}},"8":{"start":{"line":8,"column":8},"end":{"line":13,"column":10}},"9":{"start":{"line":14,"column":8},"end":{"line":14,"column":15}},"10":{"start":{"line":16,"column":8},"end":{"line":16,"column":57}},"11":{"start":{"line":20,"column":0},"end":{"line":20,"column":32}}},"fnMap":{"0":{"name":"(anonymous_0)","decl":{"start":{"line":3,"column":23},"end":{"line":3,"column":24}},"loc":{"start":{"line":3,"column":35},"end":{"line":18,"column":1}},"line":3},"1":{"name":"(anonymous_1)","decl":{"start":{"line":3,"column":35},"end":{"line":3,"column":36}},"loc":{"start":{"line":3,"column":61},"end":{"line":18,"column":1}},"line":3}},"branchMap":{},"s":{"0":1,"1":1,"2":1,"3":5,"4":0,"5":0,"6":0,"7":0,"8":0,"9":0,"10":0,"11":1},"f":{"0":5,"1":0},"b":{},"_coverageSchema":"1a1c01bbd47fc00a2c39e90264f33305004495a9","hash":"31f1e3e9b3afc28c64bebb784ad5654a1a9977d0"}
,"C:\\Users\\JACKSON\\OneDrive\\Documents\\Dev\\Back-end\\Challenges\\express-api-feature-db\\src\\middlewares\\commentsValidation.js": {"path":"C:\\Users\\JACKSON\\OneDrive\\Documents\\Dev\\Back-end\\Challenges\\express-api-feature-db\\src\\middlewares\\commentsValidation.js","statementMap":{"0":{"start":{"line":1,"column":17},"end":{"line":1,"column":45}},"1":{"start":{"line":2,"column":19},"end":{"line":2,"column":50}},"2":{"start":{"line":3,"column":23},"end":{"line":19,"column":1}},"3":{"start":{"line":3,"column":35},"end":{"line":19,"column":1}},"4":{"start":{"line":4,"column":4},"end":{"line":18,"column":5}},"5":{"start":{"line":5,"column":50},"end":{"line":5,"column":58}},"6":{"start":{"line":6,"column":23},"end":{"line":6,"column":33}},"7":{"start":{"line":7,"column":34},"end":{"line":7,"column":45}},"8":{"start":{"line":8,"column":8},"end":{"line":14,"column":10}},"9":{"start":{"line":15,"column":8},"end":{"line":15,"column":15}},"10":{"start":{"line":17,"column":8},"end":{"line":17,"column":57}},"11":{"start":{"line":21,"column":0},"end":{"line":21,"column":32}}},"fnMap":{"0":{"name":"(anonymous_0)","decl":{"start":{"line":3,"column":23},"end":{"line":3,"column":24}},"loc":{"start":{"line":3,"column":35},"end":{"line":19,"column":1}},"line":3},"1":{"name":"(anonymous_1)","decl":{"start":{"line":3,"column":35},"end":{"line":3,"column":36}},"loc":{"start":{"line":3,"column":61},"end":{"line":19,"column":1}},"line":3}},"branchMap":{},"s":{"0":1,"1":1,"2":1,"3":5,"4":0,"5":0,"6":0,"7":0,"8":0,"9":0,"10":0,"11":1},"f":{"0":5,"1":0},"b":{},"_coverageSchema":"1a1c01bbd47fc00a2c39e90264f33305004495a9","hash":"204b225093a6943b30fd3115ba22668673b738d9"}
,"C:\\Users\\JACKSON\\OneDrive\\Documents\\Dev\\Back-end\\Challenges\\express-api-feature-db\\src\\middlewares\\error.js": {"path":"C:\\Users\\JACKSON\\OneDrive\\Documents\\Dev\\Back-end\\Challenges\\express-api-feature-db\\src\\middlewares\\error.js","statementMap":{"0":{"start":{"line":1,"column":21},"end":{"line":5,"column":1}},"1":{"start":{"line":2,"column":2},"end":{"line":4,"column":5}},"2":{"start":{"line":7,"column":0},"end":{"line":7,"column":30}}},"fnMap":{"0":{"name":"(anonymous_0)","decl":{"start":{"line":1,"column":21},"end":{"line":1,"column":22}},"loc":{"start":{"line":1,"column":46},"end":{"line":5,"column":1}},"line":1}},"branchMap":{},"s":{"0":1,"1":0,"2":1},"f":{"0":0},"b":{},"_coverageSchema":"1a1c01bbd47fc00a2c39e90264f33305004495a9","hash":"5d9db4815fc342c43a8924a3ab79d33bfe25f4e6"}
,"C:\\Users\\JACKSON\\OneDrive\\Documents\\Dev\\Back-end\\Challenges\\express-api-feature-db\\src\\middlewares\\fileTypeValidation.js": {"path":"C:\\Users\\JACKSON\\OneDrive\\Documents\\Dev\\Back-end\\Challenges\\express-api-feature-db\\src\\middlewares\\fileTypeValidation.js","statementMap":{"0":{"start":{"line":1,"column":17},"end":{"line":1,"column":45}},"1":{"start":{"line":2,"column":19},"end":{"line":2,"column":50}},"2":{"start":{"line":3,"column":23},"end":{"line":15,"column":1}},"3":{"start":{"line":3,"column":35},"end":{"line":15,"column":1}},"4":{"start":{"line":4,"column":4},"end":{"line":14,"column":5}},"5":{"start":{"line":5,"column":25},"end":{"line":5,"column":33}},"6":{"start":{"line":6,"column":23},"end":{"line":6,"column":33}},"7":{"start":{"line":7,"column":8},"end":{"line":10,"column":10}},"8":{"start":{"line":11,"column":8},"end":{"line":11,"column":15}},"9":{"start":{"line":13,"column":8},"end":{"line":13,"column":57}},"10":{"start":{"line":17,"column":0},"end":{"line":17,"column":32}}},"fnMap":{"0":{"name":"(anonymous_0)","decl":{"start":{"line":3,"column":23},"end":{"line":3,"column":24}},"loc":{"start":{"line":3,"column":35},"end":{"line":15,"column":1}},"line":3},"1":{"name":"(anonymous_1)","decl":{"start":{"line":3,"column":35},"end":{"line":3,"column":36}},"loc":{"start":{"line":3,"column":61},"end":{"line":15,"column":1}},"line":3}},"branchMap":{},"s":{"0":1,"1":1,"2":1,"3":2,"4":0,"5":0,"6":0,"7":0,"8":0,"9":0,"10":1},"f":{"0":2,"1":0},"b":{},"_coverageSchema":"1a1c01bbd47fc00a2c39e90264f33305004495a9","hash":"8ca02b052ae3ff3395524dac26857a4ef2ca7887"}
,"C:\\Users\\JACKSON\\OneDrive\\Documents\\Dev\\Back-end\\Challenges\\express-api-feature-db\\src\\middlewares\\friendshipRequestTypeValidation.js": {"path":"C:\\Users\\JACKSON\\OneDrive\\Documents\\Dev\\Back-end\\Challenges\\express-api-feature-db\\src\\middlewares\\friendshipRequestTypeValidation.js","statementMap":{"0":{"start":{"line":1,"column":17},"end":{"line":1,"column":45}},"1":{"start":{"line":2,"column":19},"end":{"line":2,"column":50}},"2":{"start":{"line":4,"column":23},"end":{"line":16,"column":1}},"3":{"start":{"line":4,"column":35},"end":{"line":16,"column":1}},"4":{"start":{"line":5,"column":4},"end":{"line":15,"column":5}},"5":{"start":{"line":6,"column":25},"end":{"line":6,"column":33}},"6":{"start":{"line":7,"column":23},"end":{"line":7,"column":33}},"7":{"start":{"line":8,"column":8},"end":{"line":11,"column":10}},"8":{"start":{"line":12,"column":8},"end":{"line":12,"column":15}},"9":{"start":{"line":14,"column":8},"end":{"line":14,"column":57}},"10":{"start":{"line":18,"column":0},"end":{"line":18,"column":32}}},"fnMap":{"0":{"name":"(anonymous_0)","decl":{"start":{"line":4,"column":23},"end":{"line":4,"column":24}},"loc":{"start":{"line":4,"column":35},"end":{"line":16,"column":1}},"line":4},"1":{"name":"(anonymous_1)","decl":{"start":{"line":4,"column":35},"end":{"line":4,"column":36}},"loc":{"start":{"line":4,"column":61},"end":{"line":16,"column":1}},"line":4}},"branchMap":{},"s":{"0":1,"1":1,"2":1,"3":3,"4":0,"5":0,"6":0,"7":0,"8":0,"9":0,"10":1},"f":{"0":3,"1":0},"b":{},"_coverageSchema":"1a1c01bbd47fc00a2c39e90264f33305004495a9","hash":"ec36b97b3ae7be3b1a596ac8fb8e27db0198b971"}
,"C:\\Users\\JACKSON\\OneDrive\\Documents\\Dev\\Back-end\\Challenges\\express-api-feature-db\\src\\middlewares\\friendshipRequestValidation.js": {"path":"C:\\Users\\JACKSON\\OneDrive\\Documents\\Dev\\Back-end\\Challenges\\express-api-feature-db\\src\\middlewares\\friendshipRequestValidation.js","statementMap":{"0":{"start":{"line":1,"column":17},"end":{"line":1,"column":45}},"1":{"start":{"line":2,"column":19},"end":{"line":2,"column":50}},"2":{"start":{"line":4,"column":23},"end":{"line":19,"column":1}},"3":{"start":{"line":4,"column":35},"end":{"line":19,"column":1}},"4":{"start":{"line":5,"column":4},"end":{"line":18,"column":5}},"5":{"start":{"line":6,"column":43},"end":{"line":6,"column":51}},"6":{"start":{"line":7,"column":23},"end":{"line":7,"column":33}},"7":{"start":{"line":8,"column":34},"end":{"line":8,"column":45}},"8":{"start":{"line":9,"column":8},"end":{"line":14,"column":10}},"9":{"start":{"line":15,"column":8},"end":{"line":15,"column":15}},"10":{"start":{"line":17,"column":8},"end":{"line":17,"column":57}},"11":{"start":{"line":21,"column":0},"end":{"line":21,"column":32}}},"fnMap":{"0":{"name":"(anonymous_0)","decl":{"start":{"line":4,"column":23},"end":{"line":4,"column":24}},"loc":{"start":{"line":4,"column":35},"end":{"line":19,"column":1}},"line":4},"1":{"name":"(anonymous_1)","decl":{"start":{"line":4,"column":35},"end":{"line":4,"column":36}},"loc":{"start":{"line":4,"column":61},"end":{"line":19,"column":1}},"line":4}},"branchMap":{},"s":{"0":1,"1":1,"2":1,"3":4,"4":1,"5":1,"6":1,"7":1,"8":1,"9":1,"10":0,"11":1},"f":{"0":4,"1":1},"b":{},"_coverageSchema":"1a1c01bbd47fc00a2c39e90264f33305004495a9","hash":"a228144ea270f2eec5cde22ab46260cfcf3bcf47"}
[...]
ture-db\\src\\services\\reactionService.js","statementMap":{"0":{"start":{"line":1,"column":17},"end":{"line":1,"column":45}},"1":{"start":{"line":2,"column":19},"end":{"line":2,"column":50}},"2":{"start":{"line":6,"column":8},"end":{"line":6,"column":53}},"3":{"start":{"line":9,"column":8},"end":{"line":9,"column":81}},"4":{"start":{"line":12,"column":25},"end":{"line":12,"column":66}},"5":{"start":{"line":13,"column":8},"end":{"line":13,"column":85}},"6":{"start":{"line":13,"column":23},"end":{"line":13,"column":85}},"7":{"start":{"line":14,"column":8},"end":{"line":14,"column":24}},"8":{"start":{"line":17,"column":8},"end":{"line":17,"column":54}},"9":{"start":{"line":20,"column":25},"end":{"line":20,"column":66}},"10":{"start":{"line":21,"column":8},"end":{"line":21,"column":85}},"11":{"start":{"line":21,"column":23},"end":{"line":21,"column":85}},"12":{"start":{"line":22,"column":8},"end":{"line":22,"column":86}},"13":{"start":{"line":25,"column":25},"end":{"line":25,"column":66}},"14":{"start":{"line":26,"column":8},"end":{"line":26,"column":85}},"15":{"start":{"line":26,"column":23},"end":{"line":26,"column":85}},"16":{"start":{"line":27,"column":8},"end":{"line":27,"column":49}},"17":{"start":{"line":31,"column":0},"end":{"line":31,"column":33}}},"fnMap":{"0":{"name":"(anonymous_0)","decl":{"start":{"line":5,"column":4},"end":{"line":5,"column":5}},"loc":{"start":{"line":5,"column":36},"end":{"line":7,"column":5}},"line":5},"1":{"name":"(anonymous_1)","decl":{"start":{"line":8,"column":4},"end":{"line":8,"column":5}},"loc":{"start":{"line":8,"column":60},"end":{"line":10,"column":5}},"line":8},"2":{"name":"(anonymous_2)","decl":{"start":{"line":11,"column":4},"end":{"line":11,"column":5}},"loc":{"start":{"line":11,"column":30},"end":{"line":15,"column":5}},"line":11},"3":{"name":"(anonymous_3)","decl":{"start":{"line":16,"column":4},"end":{"line":16,"column":5}},"loc":{"start":{"line":16,"column":34},"end":{"line":18,"column":5}},"line":16},"4":{"name":"(anonymous_4)","decl":{"start":{"line":19,"column":4},"end":{"line":19,"column":5}},"loc":{"start":{"line":19,"column":65},"end":{"line":23,"column":5}},"line":19},"5":{"name":"(anonymous_5)","decl":{"start":{"line":24,"column":4},"end":{"line":24,"column":5}},"loc":{"start":{"line":24,"column":29},"end":{"line":28,"column":5}},"line":24}},"branchMap":{"0":{"loc":{"start":{"line":13,"column":8},"end":{"line":13,"column":85}},"type":"if","locations":[{"start":{"line":13,"column":8},"end":{"line":13,"column":85}},{"start":{},"end":{}}],"line":13},"1":{"loc":{"start":{"line":21,"column":8},"end":{"line":21,"column":85}},"type":"if","locations":[{"start":{"line":21,"column":8},"end":{"line":21,"column":85}},{"start":{},"end":{}}],"line":21},"2":{"loc":{"start":{"line":26,"column":8},"end":{"line":26,"column":85}},"type":"if","locations":[{"start":{"line":26,"column":8},"end":{"line":26,"column":85}},{"start":{},"end":{}}],"line":26}},"s":{"0":1,"1":1,"2":1,"3":0,"4":0,"5":0,"6":0,"7":0,"8":0,"9":0,"10":0,"11":0,"12":0,"13":0,"14":0,"15":0,"16":0,"17":1},"f":{"0":1,"1":0,"2":0,"3":0,"4":0,"5":0},"b":{"0":[0,0],"1":[0,0],"2":[0,0]},"_coverageSchema":"1a1c01bbd47fc00a2c39e90264f33305004495a9","hash":"1db7fcabd9d980fcbb522d814c4b89090f9ca414"}
,"C:\\Users\\JACKSON\\OneDrive\\Documents\\Dev\\Back-end\\Challenges\\express-api-feature-db\\src\\services\\reactionTypeService.js": {"path":"C:\\Users\\JACKSON\\OneDrive\\Documents\\Dev\\Back-end\\Challenges\\express-api-feature-db\\src\\services\\reactionTypeService.js","statementMap":{"0":{"start":{"line":1,"column":17},"end":{"line":1,"column":45}},"1":{"start":{"line":2,"column":19},"end":{"line":2,"column":50}},"2":{"start":{"line":6,"column":8},"end":{"line":6,"column":61}},"3":{"start":{"line":9,"column":8},"end":{"line":9,"column":63}},"4":{"start":{"line":12,"column":8},"end":{"line":12,"column":52}},"5":{"start":{"line":15,"column":30},"end":{"line":15,"column":75}},"6":{"start":{"line":16,"column":8},"end":{"line":16,"column":96}},"7":{"start":{"line":16,"column":28},"end":{"line":16,"column":96}},"8":{"start":{"line":17,"column":8},"end":{"line":17,"column":53}},"9":{"start":{"line":21,"column":0},"end":{"line":21,"column":37}}},"fnMap":{"0":{"name":"(anonymous_0)","decl":{"start":{"line":5,"column":4},"end":{"line":5,"column":5}},"loc":{"start":{"line":5,"column":40},"end":{"line":7,"column":5}},"line":5},"1":{"name":"(anonymous_1)","decl":{"start":{"line":8,"column":4},"end":{"line":8,"column":5}},"loc":{"start":{"line":8,"column":42},"end":{"line":10,"column":5}},"line":8},"2":{"name":"(anonymous_2)","decl":{"start":{"line":11,"column":4},"end":{"line":11,"column":5}},"loc":{"start":{"line":11,"column":32},"end":{"line":13,"column":5}},"line":11},"3":{"name":"(anonymous_3)","decl":{"start":{"line":14,"column":4},"end":{"line":14,"column":5}},"loc":{"start":{"line":14,"column":33},"end":{"line":18,"column":5}},"line":14}},"branchMap":{"0":{"loc":{"start":{"line":16,"column":8},"end":{"line":16,"column":96}},"type":"if","locations":[{"start":{"line":16,"column":8},"end":{"line":16,"column":96}},{"start":{},"end":{}}],"line":16}},"s":{"0":1,"1":1,"2":1,"3":0,"4":0,"5":0,"6":0,"7":0,"8":0,"9":1},"f":{"0":1,"1":0,"2":0,"3":0},"b":{"0":[0,0]},"_coverageSchema":"1a1c01bbd47fc00a2c39e90264f33305004495a9","hash":"5ebc114e587f1e39b50ebadfc935e810dea6d2df"}
,"C:\\Users\\JACKSON\\OneDrive\\Documents\\Dev\\Back-end\\Challenges\\express-api-feature-db\\src\\services\\targetPublicService.js": {"path":"C:\\Users\\JACKSON\\OneDrive\\Documents\\Dev\\Back-end\\Challenges\\express-api-feature-db\\src\\services\\targetPublicService.js","statementMap":{"0":{"start":{"line":1,"column":17},"end":{"line":1,"column":45}},"1":{"start":{"line":2,"column":19},"end":{"line":2,"column":50}},"2":{"start":{"line":6,"column":8},"end":{"line":6,"column":61}},"3":{"start":{"line":9,"column":8},"end":{"line":9,"column":56}},"4":{"start":{"line":12,"column":8},"end":{"line":12,"column":52}},"5":{"start":{"line":15,"column":29},"end":{"line":15,"column":74}},"6":{"start":{"line":16,"column":8},"end":{"line":16,"column":96}},"7":{"start":{"line":16,"column":27},"end":{"line":16,"column":96}},"8":{"start":{"line":17,"column":8},"end":{"line":17,"column":28}},"9":{"start":{"line":20,"column":8},"end":{"line":20,"column":31}},"10":{"start":{"line":21,"column":8},"end":{"line":21,"column":53}},"11":{"start":{"line":25,"column":0},"end":{"line":25,"column":37}}},"fnMap":{"0":{"name":"(anonymous_0)","decl":{"start":{"line":5,"column":4},"end":{"line":5,"column":5}},"loc":{"start":{"line":5,"column":40},"end":{"line":7,"column":5}},"line":5},"1":{"name":"(anonymous_1)","decl":{"start":{"line":8,"column":4},"end":{"line":8,"column":5}},"loc":{"start":{"line":8,"column":35},"end":{"line":10,"column":5}},"line":8},"2":{"name":"(anonymous_2)","decl":{"start":{"line":11,"column":4},"end":{"line":11,"column":5}},"loc":{"start":{"line":11,"column":31},"end":{"line":13,"column":5}},"line":11},"3":{"name":"(anonymous_3)","decl":{"start":{"line":14,"column":4},"end":{"line":14,"column":5}},"loc":{"start":{"line":14,"column":21},"end":{"line":18,"column":5}},"line":14},"4":{"name":"(anonymous_4)","decl":{"start":{"line":19,"column":4},"end":{"line":19,"column":5}},"loc":{"start":{"line":19,"column":33},"end":{"line":22,"column":5}},"line":19}},"branchMap":{"0":{"loc":{"start":{"line":16,"column":8},"end":{"line":16,"column":96}},"type":"if","locations":[{"start":{"line":16,"column":8},"end":{"line":16,"column":96}},{"start":{},"end":{}}],"line":16}},"s":{"0":1,"1":1,"2":1,"3":0,"4":0,"5":0,"6":0,"7":0,"8":0,"9":0,"10":0,"11":1},"f":{"0":1,"1":0,"2":0,"3":0,"4":0},"b":{"0":[0,0]},"_coverageSchema":"1a1c01bbd47fc00a2c39e90264f33305004495a9","hash":"8dd62f21c30f8b91bbec510d75f9d9260b323445"}
,"C:\\Users\\JACKSON\\OneDrive\\Documents\\Dev\\Back-end\\Challenges\\express-api-feature-db\\src\\services\\tokenService.js": {"path":"C:\\Users\\JACKSON\\OneDrive\\Documents\\Dev\\Back-end\\Challenges\\express-api-feature-db\\src\\services\\tokenService.js","statementMap":{"0":{"start":{"line":1,"column":12},"end":{"line":1,"column":35}},"1":{"start":{"line":2,"column":17},"end":{"line":2,"column":45}},"2":{"start":{"line":3,"column":19},"end":{"line":3,"column":50}},"3":{"start":{"line":7,"column":8},"end":{"line":7,"column":47}},"4":{"start":{"line":8,"column":8},"end":{"line":8,"column":39}},"5":{"start":{"line":11,"column":24},"end":{"line":11,"column":34}},"6":{"start":{"line":12,"column":22},"end":{"line":12,"column":85}},"7":{"start":{"line":13,"column":29},"end":{"line":13,"column":93}},"8":{"start":{"line":14,"column":35},"end":{"line":14,"column":76}},"9":{"start":{"line":15,"column":8},"end":{"line":15,"column":61}},"10":{"start":{"line":16,"column":8},"end":{"line":16,"column":68}},"11":{"start":{"line":17,"column":8},"end":{"line":17,"column":36}},"12":{"start":{"line":20,"column":8},"end":{"line":20,"column":64}},"13":{"start":{"line":23,"column":29},"end":{"line":23,"column":82}},"14":{"start":{"line":24,"column":8},"end":{"line":24,"column":84}},"15":{"start":{"line":24,"column":21},"end":{"line":24,"column":84}},"16":{"start":{"line":25,"column":8},"end":{"line":25,"column":22}},"17":{"start":{"line":28,"column":23},"end":{"line":28,"column":62}},"18":{"start":{"line":29,"column":32},"end":{"line":29,"column":83}},"19":{"start":{"line":30,"column":29},"end":{"line":30,"column":96}},"20":{"start":{"line":31,"column":8},"end":{"line":31,"column":98}},"21":{"start":{"line":31,"column":27},"end":{"line":31,"column":98}},"22":{"start":{"line":32,"column":31},"end":{"line":32,"column":131}},"23":{"start":{"line":33,"column":37},"end":{"line":33,"column":80}},"24":{"start":{"line":34,"column":8},"end":{"line":34,"column":88}},"25":{"start":{"line":35,"column":8},"end":{"line":35,"column":29}},"26":{"start":{"line":38,"column":8},"end":{"line":42,"column":9}},"27":{"start":{"line":39,"column":12},"end":{"line":39,"column":61}},"28":{"start":{"line":41,"column":12},"end":{"line":41,"column":63}},"29":{"start":{"line":46,"column":0},"end":{"line":46,"column":30}}},"fnMap":{"0":{"name":"(anonymous_0)","decl":{"start":{"line":6,"column":4},"end":{"line":6,"column":5}},"loc":{"start":{"line":6,"column":46},"end":{"line":9,"column":5}},"line":6},"1":{"name":"(anonymous_1)","decl":{"start":{"line":10,"column":4},"end":{"line":10,"column":5}},"loc":{"start":{"line":10,"column":35},"end":{"line":18,"column":5}},"line":10},"2":{"name":"(anonymous_2)","decl":{"start":{"line":19,"column":4},"end":{"line":19,"column":5}},"loc":{"start":{"line":19,"column":52},"end":{"line":21,"column":5}},"line":19},"3":{"name":"(anonymous_3)","decl":{"start":{"line":22,"column":4},"end":{"line":22,"column":5}},"loc":{"start":{"line":22,"column":32},"end":{"line":26,"column":5}},"line":22},"4":{"name":"(anonymous_4)","decl":{"start":{"line":27,"column":4},"end":{"line":27,"column":5}},"loc":{"start":{"line":27,"column":45},"end":{"line":36,"column":5}},"line":27},"5":{"name":"(anonymous_5)","decl":{"start":{"line":37,"column":4},"end":{"line":37,"column":5}},"loc":{"start":{"line":37,"column":29},"end":{"line":43,"column":5}},"line":37}},"branchMap":{"0":{"loc":{"start":{"line":24,"column":8},"end":{"line":24,"column":84}},"type":"if","locations":[{"start":{"line":24,"column":8},"end":{"line":24,"column":84}},{"start":{},"end":{}}],"line":24},"1":{"loc":{"start":{"line":31,"column":8},"end":{"line":31,"column":98}},"type":"if","locations":[{"start":{"line":31,"column":8},"end":{"line":31,"column":98}},{"start":{},"end":{}}],"line":31}},"s":{"0":1,"1":1,"2":1,"3":10,"4":10,"5":1,"6":1,"7":1,"8":1,"9":1,"10":1,"11":1,"12":2,"13":0,"14":0,"15":0,"16":0,"17":0,"18":0,"19":0,"20":0,"21":0,"22":0,"23":0,"24":0,"25":0,"26":1,"27":1,"28":0,"29":1},"f":{"0":10,"1":1,"2":2,"3":0,"4":0,"5":1},"b":{"0":[0,0],"1":[0,0]},"_coverageSchema":"1a1c01bbd47fc00a2c39e90264f33305004495a9","hash":"92ff7d87fdfee0b4d7fc51cef7f2c78dd9d1562b"}
,"C:\\Users\\JACKSON\\OneDrive\\Documents\\Dev\\Back-end\\Challenges\\express-api-feature-db\\src\\services\\userServices.js": {"path":"C:\\Users\\JACKSON\\OneDrive\\Documents\\Dev\\Back-end\\Challenges\\express-api-feature-db\\src\\services\\userServices.js","statementMap":{"0":{"start":{"line":1,"column":17},"end":{"line":1,"column":45}},"1":{"start":{"line":2,"column":19},"end":{"line":2,"column":50}},"2":{"start":{"line":6,"column":4},"end":{"line":6,"column":41}},"3":{"start":{"line":7,"column":4},"end":{"line":7,"column":35}},"4":{"start":{"line":10,"column":25},"end":{"line":10,"column":68}},"5":{"start":{"line":11,"column":4},"end":{"line":11,"column":84}},"6":{"start":{"line":11,"column":22},"end":{"line":11,"column":84}},"7":{"start":{"line":12,"column":27},"end":{"line":12,"column":64}},"8":{"start":{"line":13,"column":4},"end":{"line":13,"column":65}},"9":{"start":{"line":16,"column":19},"end":{"line":16,"column":56}},"10":{"start":{"line":17,"column":6},"end":{"line":17,"column":76}},"11":{"start":{"line":17,"column":17},"end":{"line":17,"column":76}},"12":{"start":{"line":18,"column":6},"end":{"line":18,"column":18}},"13":{"start":{"line":21,"column":25},"end":{"line":21,"column":68}},"14":{"start":{"line":22,"column":4},"end":{"line":22,"column":26}},"15":{"start":{"line":25,"column":18},"end":{"line":25,"column":52}},"16":{"start":{"line":26,"column":4},"end":{"line":26,"column":80}},"17":{"start":{"line":26,"column":16},"end":{"line":26,"column":80}},"18":{"start":{"line":27,"column":4},"end":{"line":27,"column":17}},"19":{"start":{"line":30,"column":17},"end":{"line":30,"column":54}},"20":{"start":{"line":31,"column":4},"end":{"line":31,"column":74}},"21":{"start":{"line":31,"column":15},"end":{"line":31,"column":74}},"22":{"start":{"line":32,"column":25},"end":{"line":32,"column":55}},"23":{"start":{"line":33,"column":4},"end":{"line":33,"column":84}},"24":{"start":{"line":33,"column":22},"end":{"line":33,"column":84}},"25":{"start":{"line":34,"column":4},"end":{"line":34,"column":59}},"26":{"start":{"line":37,"column":17},"end":{"line":37,"column":54}},"27":{"start":{"line":38,"column":4},"end":{"line":38,"column":74}},"28":{"start":{"line":38,"column":15},"end":{"line":38,"column":74}},"29":{"start":{"line":39,"column":4},"end":{"line":39,"column":41}},"30":{"start":{"line":42,"column":4},"end":{"line":42,"column":51}},"31":{"start":{"line":45,"column":27},"end":{"line":45,"column":72}},"32":{"start":{"line":46,"column":4},"end":{"line":46,"column":99}},"33":{"start":{"line":46,"column":25},"end":{"line":46,"column":99}},"34":{"start":{"line":47,"column":4},"end":{"line":47,"column":26}},"35":{"start":{"line":51,"column":0},"end":{"line":51,"column":29}}},"fnMap":{"0":{"name":"(anonymous_0)","decl":{"start":{"line":5,"column":2},"end":{"line":5,"column":3}},"loc":{"start":{"line":5,"column":43},"end":{"line":8,"column":3}},"line":5},"1":{"name":"(anonymous_1)","decl":{"start":{"line":9,"column":2},"end":{"line":9,"column":3}},"loc":{"start":{"line":9,"column":43},"end":{"line":14,"column":3}},"line":9},"2":{"name":"(anonymous_2)","decl":{"start":{"line":15,"column":2},"end":{"line":15,"column":3}},"loc":{"start":{"line":15,"column":24},"end":{"line":19,"column":3}},"line":15},"3":{"name":"(anonymous_3)","decl":{"start":{"line":20,"column":2},"end":{"line":20,"column":3}},"loc":{"start":{"line":20,"column":28},"end":{"line":23,"column":3}},"line":20},"4":{"name":"(anonymous_4)","decl":{"start":{"line":24,"column":2},"end":{"line":24,"column":3}},"loc":{"start":{"line":24,"column":22},"end":{"line":28,"column":3}},"line":24},"5":{"name":"(anonymous_5)","decl":{"start":{"line":29,"column":2},"end":{"line":29,"column":3}},"loc":{"start":{"line":29,"column":45},"end":{"line":35,"column":3}},"line":29},"6":{"name":"(anonymous_6)","decl":{"start":{"line":36,"column":2},"end":{"line":36,"column":3}},"loc":{"start":{"line":36,"column":23},"end":{"line":40,"column":3}},"line":36},"7":{"name":"(anonymous_7)","decl":{"start":{"line":41,"column":2},"end":{"line":41,"column":3}},"loc":{"start":{"line":41,"column":28},"end":{"line":43,"column":3}},"line":41},"8":{"name":"(anonymous_8)","decl":{"start":{"line":44,"column":2},"end":{"line":44,"column":3}},"loc":{"start":{"line":44,"column":28},"end":{"line":48,"column":3}},"line":44}},"branchMap":{"0":{"loc":{"start":{"line":11,"column":4},"end":{"line":11,"column":84}},"type":"if","locations":[{"start":{"line":11,"column":4},"end":{"line":11,"column":84}},{"start":{},"end":{}}],"line":11},"1":{"loc":{"start":{"line":17,"column":6},"end":{"line":17,"column":76}},"type":"if","locations":[{"start":{"line":17,"column":6},"end":{"line":17,"column":76}},{"start":{},"end":{}}],"line":17},"2":{"loc":{"start":{"line":26,"column":4},"end":{"line":26,"column":80}},"type":"if","locations":[{"start":{"line":26,"column":4},"end":{"line":26,"column":80}},{"start":{},"end":{}}],"line":26},"3":{"loc":{"start":{"line":31,"column":4},"end":{"line":31,"column":74}},"type":"if","locations":[{"start":{"line":31,"column":4},"end":{"line":31,"column":74}},{"start":{},"end":{}}],"line":31},"4":{"loc":{"start":{"line":33,"column":4},"end":{"line":33,"column":84}},"type":"if","locations":[{"start":{"line":33,"column":4},"end":{"line":33,"column":84}},{"start":{},"end":{}}],"line":33},"5":{"loc":{"start":{"line":38,"column":4},"end":{"line":38,"column":74}},"type":"if","locations":[{"start":{"line":38,"column":4},"end":{"line":38,"column":74}},{"start":{},"end":{}}],"line":38},"6":{"loc":{"start":{"line":46,"column":4},"end":{"line":46,"column":99}},"type":"if","locations":[{"start":{"line":46,"column":4},"end":{"line":46,"column":99}},{"start":{},"end":{}}],"line":46}},"s":{"0":1,"1":1,"2":1,"3":1,"4":0,"5":0,"6":0,"7":0,"8":0,"9":0,"10":0,"11":0,"12":0,"13":0,"14":0,"15":0,"16":0,"17":0,"18":0,"19":0,"20":0,"21":0,"22":0,"23":0,"24":0,"25":0,"26":0,"27":0,"28":0,"29":0,"30":0,"31":0,"32":0,"33":0,"34":0,"35":1},"f":{"0":1,"1":0,"2":0,"3":0,"4":0,"5":0,"6":0,"7":0,"8":0},"b":{"0":[0,0],"1":[0,0],"2":[0,0],"3":[0,0],"4":[0,0],"5":[0,0],"6":[0,0]},"_coverageSchema":"1a1c01bbd47fc00a2c39e90264f33305004495a9","hash":"11956cd012e9a7c593df149c31bf89e6b9bf2be8"}
,"C:\\Users\\JACKSON\\OneDrive\\Documents\\Dev\\Back-end\\Challenges\\express-api-feature-db\\src\\utils\\ApiError.js": {"path":"C:\\Users\\JACKSON\\OneDrive\\Documents\\Dev\\Back-end\\Challenges\\express-api-feature-db\\src\\utils\\ApiError.js","statementMap":{"0":{"start":{"line":3,"column":4},"end":{"line":3,"column":19}},"1":{"start":{"line":4,"column":4},"end":{"line":4,"column":33}},"2":{"start":{"line":8,"column":0},"end":{"line":8,"column":26}}},"fnMap":{"0":{"name":"(anonymous_0)","decl":{"start":{"line":2,"column":2},"end":{"line":2,"column":3}},"loc":{"start":{"line":2,"column":35},"end":{"line":5,"column":3}},"line":2}},"branchMap":{},"s":{"0":0,"1":0,"2":1},"f":{"0":0},"b":{},"_coverageSchema":"1a1c01bbd47fc00a2c39e90264f33305004495a9","hash":"d6a2a54c75305ce0c52804e358b2c2f256586c07"}
,"C:\\Users\\JACKSON\\OneDrive\\Documents\\Dev\\Back-end\\Challenges\\express-api-feature-db\\src\\utils\\friendshipRequestTypeStatus.js": {"path":"C:\\Users\\JACKSON\\OneDrive\\Documents\\Dev\\Back-end\\Challenges\\express-api-feature-db\\src\\utils\\friendshipRequestTypeStatus.js","statementMap":{"0":{"start":{"line":1,"column":0},"end":{"line":5,"column":2}}},"fnMap":{},"branchMap":{},"s":{"0":1},"f":{},"b":{},"_coverageSchema":"1a1c01bbd47fc00a2c39e90264f33305004495a9","hash":"9ff88d922cc957b999adb0ad0071e510b40a51d7"}
,"C:\\Users\\JACKSON\\OneDrive\\Documents\\Dev\\Back-end\\Challenges\\express-api-feature-db\\src\\utils\\statusCodes.js": {"path":"C:\\Users\\JACKSON\\OneDrive\\Documents\\Dev\\Back-end\\Challenges\\express-api-feature-db\\src\\utils\\statusCodes.js","statementMap":{"0":{"start":{"line":1,"column":0},"end":{"line":9,"column":2}}},"fnMap":{},"branchMap":{},"s":{"0":1},"f":{},"b":{},"_coverageSchema":"1a1c01bbd47fc00a2c39e90264f33305004495a9","hash":"eac4d0a2c1f1659d0fd16837a1da9547bf90fb07"}
}
